TN:
SF:src\server.ts
FNF:0
FNH:0
DA:1,1
DA:2,1
DA:3,1
DA:4,1
DA:5,1
DA:6,1
DA:7,1
DA:8,1
DA:9,1
DA:10,1
DA:11,1
DA:12,1
DA:13,1
DA:14,1
DA:15,1
DA:16,1
DA:17,1
DA:18,1
DA:19,1
DA:20,1
DA:21,1
DA:22,1
DA:23,1
DA:24,1
DA:25,1
DA:26,1
DA:27,1
DA:28,1
DA:29,1
DA:30,1
DA:31,1
DA:32,1
DA:33,1
DA:34,1
DA:35,1
DA:36,1
DA:37,1
DA:38,1
DA:39,1
DA:40,1
DA:41,1
DA:42,1
DA:43,1
DA:44,1
DA:45,1
DA:46,1
DA:47,1
DA:48,1
LF:48
LH:48
BRDA:46,0,0,1
BRF:1
BRH:1
end_of_record
TN:
SF:src\db\dbClient.ts
FN:11,DBClient
FN:23,Object.<anonymous>.DBClient.initialize
FN:48,Object.<anonymous>.DBClient.reset
FN:61,Object.<anonymous>.DBClient.cleanLoginAttempts
FN:77,Object.<anonymous>.DBClient.removeFinishedLoginAttempt
FN:95,Object.<anonymous>.DBClient.registerLoginAttempt
FN:120,Object.<anonymous>.DBClient.registerCallback
FN:142,Object.<anonymous>.DBClient.getLoginAttemptByLoginToken
FN:157,Object.<anonymous>.DBClient.getLoginAttemptByPlayerId
FN:180,Object.<anonymous>.DBClient.registerFileParse
FN:201,Object.<anonymous>.DBClient.getLastUpdate
FN:216,Object.<anonymous>.DBClient.cleanFileParseEvents
FN:231,Object.<anonymous>.DBClient.getToken
FN:252,Object.<anonymous>.DBClient.logToken
FN:272,Object.<anonymous>.DBClient.requestSupervisor
FN:293,Object.<anonymous>.DBClient.confirmSupervisor
FN:312,Object.<anonymous>.DBClient.getRequestedSupervisors
FN:333,Object.<anonymous>.DBClient.getChildren
FN:354,Object.<anonymous>.DBClient.getApprovedSupervisors
FN:375,Object.<anonymous>.DBClient.checkRole
FN:398,Object.<anonymous>.DBClient.retractPermission
FN:415,Object.<anonymous>.DBClient.close
FNF:22
FNH:22
FNDA:20,DBClient
FNDA:8,Object.<anonymous>.DBClient.initialize
FNDA:8,Object.<anonymous>.DBClient.reset
FNDA:8,Object.<anonymous>.DBClient.cleanLoginAttempts
FNDA:3,Object.<anonymous>.DBClient.removeFinishedLoginAttempt
FNDA:5,Object.<anonymous>.DBClient.registerLoginAttempt
FNDA:3,Object.<anonymous>.DBClient.registerCallback
FNDA:3,Object.<anonymous>.DBClient.getLoginAttemptByLoginToken
FNDA:8,Object.<anonymous>.DBClient.getLoginAttemptByPlayerId
FNDA:10,Object.<anonymous>.DBClient.registerFileParse
FNDA:8,Object.<anonymous>.DBClient.getLastUpdate
FNDA:1,Object.<anonymous>.DBClient.cleanFileParseEvents
FNDA:1,Object.<anonymous>.DBClient.getToken
FNDA:1,Object.<anonymous>.DBClient.logToken
FNDA:3,Object.<anonymous>.DBClient.requestSupervisor
FNDA:4,Object.<anonymous>.DBClient.confirmSupervisor
FNDA:1,Object.<anonymous>.DBClient.getRequestedSupervisors
FNDA:1,Object.<anonymous>.DBClient.getChildren
FNDA:1,Object.<anonymous>.DBClient.getApprovedSupervisors
FNDA:3,Object.<anonymous>.DBClient.checkRole
FNDA:1,Object.<anonymous>.DBClient.retractPermission
FNDA:20,Object.<anonymous>.DBClient.close
DA:1,1
DA:2,1
DA:3,1
DA:4,1
DA:5,1
DA:6,1
DA:7,1
DA:8,1
DA:9,1
DA:10,1
DA:11,1
DA:12,20
DA:13,0
DA:14,20
DA:15,20
DA:16,20
DA:17,20
DA:18,1
DA:19,1
DA:20,1
DA:21,1
DA:22,1
DA:23,1
DA:24,8
DA:25,8
DA:26,8
DA:27,8
DA:28,8
DA:29,8
DA:30,8
DA:31,8
DA:32,8
DA:33,8
DA:34,8
DA:35,8
DA:36,8
DA:37,8
DA:38,8
DA:39,8
DA:40,8
DA:41,8
DA:42,8
DA:43,8
DA:44,1
DA:45,1
DA:46,1
DA:47,1
DA:48,1
DA:49,8
DA:50,8
DA:51,8
DA:52,8
DA:53,8
DA:54,8
DA:55,8
DA:56,1
DA:57,1
DA:58,1
DA:59,1
DA:60,1
DA:61,1
DA:62,8
DA:63,8
DA:64,8
DA:65,8
DA:66,8
DA:67,0
DA:68,0
DA:69,0
DA:70,8
DA:71,1
DA:72,1
DA:73,1
DA:74,1
DA:75,1
DA:76,1
DA:77,1
DA:78,3
DA:79,3
DA:80,3
DA:81,3
DA:82,3
DA:83,0
DA:84,0
DA:85,0
DA:86,3
DA:87,1
DA:88,1
DA:89,1
DA:90,1
DA:91,1
DA:92,1
DA:93,1
DA:94,1
DA:95,1
DA:96,5
DA:97,5
DA:98,3
DA:99,3
DA:100,3
DA:101,3
DA:102,3
DA:103,3
DA:104,5
DA:105,2
DA:106,2
DA:107,5
DA:108,0
DA:109,0
DA:110,0
DA:111,5
DA:112,1
DA:113,1
DA:114,1
DA:115,1
DA:116,1
DA:117,1
DA:118,1
DA:119,1
DA:120,1
DA:121,3
DA:122,3
DA:123,2
DA:124,2
DA:125,2
DA:126,2
DA:127,2
DA:128,3
DA:129,1
DA:130,1
DA:131,3
DA:132,0
DA:133,0
DA:134,0
DA:135,3
DA:136,1
DA:137,1
DA:138,1
DA:139,1
DA:140,1
DA:141,1
DA:142,1
DA:143,3
DA:144,3
DA:145,3
DA:146,3
DA:147,3
DA:148,0
DA:149,0
DA:150,3
DA:151,1
DA:152,1
DA:153,1
DA:154,1
DA:155,1
DA:156,1
DA:157,1
DA:158,8
DA:159,8
DA:160,8
DA:161,0
DA:162,0
DA:163,8
DA:164,1
DA:165,1
DA:166,1
DA:167,1
DA:168,1
DA:169,1
DA:170,1
DA:171,1
DA:172,1
DA:173,1
DA:174,1
DA:175,1
DA:176,1
DA:177,1
DA:178,1
DA:179,1
DA:180,1
DA:181,10
DA:182,10
DA:183,10
DA:184,10
DA:185,10
DA:186,10
DA:187,10
DA:188,10
DA:189,1
DA:190,1
DA:191,1
DA:192,10
DA:193,1
DA:194,1
DA:195,1
DA:196,1
DA:197,1
DA:198,1
DA:199,1
DA:200,1
DA:201,1
DA:202,8
DA:203,8
DA:204,8
DA:205,8
DA:206,8
DA:207,8
DA:208,1
DA:209,1
DA:210,8
DA:211,1
DA:212,1
DA:213,1
DA:214,1
DA:215,1
DA:216,1
DA:217,1
DA:218,1
DA:219,1
DA:220,1
DA:221,1
DA:222,1
DA:223,1
DA:224,1
DA:225,1
DA:226,1
DA:227,1
DA:228,1
DA:229,1
DA:230,1
DA:231,1
DA:232,1
DA:233,1
DA:234,1
DA:235,1
DA:236,1
DA:237,1
DA:238,1
DA:239,1
DA:240,1
DA:241,0
DA:242,0
DA:243,0
DA:244,1
DA:245,1
DA:246,1
DA:247,1
DA:248,1
DA:249,1
DA:250,1
DA:251,1
DA:252,1
DA:253,1
DA:254,1
DA:255,1
DA:256,1
DA:257,1
DA:258,1
DA:259,1
DA:260,0
DA:261,0
DA:262,0
DA:263,0
DA:264,1
DA:265,1
DA:266,1
DA:267,1
DA:268,1
DA:269,1
DA:270,1
DA:271,1
DA:272,1
DA:273,3
DA:274,3
DA:275,3
DA:276,3
DA:277,3
DA:278,3
DA:279,3
DA:280,3
DA:281,0
DA:282,0
DA:283,0
DA:284,0
DA:285,3
DA:286,1
DA:287,1
DA:288,1
DA:289,1
DA:290,1
DA:291,1
DA:292,1
DA:293,1
DA:294,4
DA:295,4
DA:296,4
DA:297,4
DA:298,4
DA:299,4
DA:300,4
DA:301,0
DA:302,0
DA:303,0
DA:304,0
DA:305,4
DA:306,1
DA:307,1
DA:308,1
DA:309,1
DA:310,1
DA:311,1
DA:312,1
DA:313,1
DA:314,1
DA:315,1
DA:316,1
DA:317,1
DA:318,1
DA:319,1
DA:320,1
DA:321,1
DA:322,0
DA:323,0
DA:324,0
DA:325,0
DA:326,1
DA:327,1
DA:328,1
DA:329,1
DA:330,1
DA:331,1
DA:332,1
DA:333,1
DA:334,1
DA:335,1
DA:336,1
DA:337,1
DA:338,1
DA:339,1
DA:340,1
DA:341,1
DA:342,0
DA:343,0
DA:344,0
DA:345,0
DA:346,1
DA:347,1
DA:348,1
DA:349,1
DA:350,1
DA:351,1
DA:352,1
DA:353,1
DA:354,1
DA:355,1
DA:356,1
DA:357,1
DA:358,1
DA:359,1
DA:360,1
DA:361,1
DA:362,1
DA:363,1
DA:364,0
DA:365,0
DA:366,0
DA:367,0
DA:368,1
DA:369,1
DA:370,1
DA:371,1
DA:372,1
DA:373,1
DA:374,1
DA:375,1
DA:376,3
DA:377,3
DA:378,3
DA:379,3
DA:380,3
DA:381,1
DA:382,3
DA:383,2
DA:384,2
DA:385,3
DA:386,0
DA:387,0
DA:388,0
DA:389,0
DA:390,3
DA:391,1
DA:392,1
DA:393,1
DA:394,1
DA:395,1
DA:396,1
DA:397,1
DA:398,1
DA:399,1
DA:400,1
DA:401,1
DA:402,1
DA:403,1
DA:404,1
DA:405,1
DA:406,0
DA:407,0
DA:408,0
DA:409,1
DA:410,1
DA:411,1
DA:412,1
DA:413,1
DA:414,1
DA:415,1
DA:416,20
DA:417,20
DA:418,1
LF:418
LH:367
BRDA:3,0,0,1
BRDA:11,1,0,20
BRDA:12,2,0,0
BRDA:23,3,0,8
BRDA:48,4,0,8
BRDA:61,5,0,8
BRDA:66,6,0,0
BRDA:77,7,0,3
BRDA:82,8,0,0
BRDA:95,9,0,5
BRDA:97,10,0,3
BRDA:104,11,0,2
BRDA:107,12,0,0
BRDA:120,13,0,3
BRDA:122,14,0,2
BRDA:128,15,0,1
BRDA:131,16,0,0
BRDA:142,17,0,3
BRDA:147,18,0,0
BRDA:157,19,0,8
BRDA:160,20,0,0
BRDA:180,21,0,10
BRDA:188,22,0,1
BRDA:201,23,0,8
BRDA:206,24,0,6
BRDA:206,25,0,1
BRDA:207,26,0,1
BRDA:216,27,0,1
BRDA:231,28,0,1
BRDA:240,29,0,0
BRDA:252,30,0,1
BRDA:259,31,0,0
BRDA:272,32,0,3
BRDA:280,33,0,0
BRDA:293,34,0,4
BRDA:300,35,0,0
BRDA:312,36,0,1
BRDA:321,37,0,0
BRDA:333,38,0,1
BRDA:341,39,0,0
BRDA:354,40,0,1
BRDA:363,41,0,0
BRDA:375,42,0,3
BRDA:380,43,0,1
BRDA:382,44,0,2
BRDA:385,45,0,0
BRDA:398,46,0,1
BRDA:405,47,0,0
BRDA:415,48,0,20
BRF:49
BRH:33
end_of_record
TN:
SF:src\gb\gbClient.ts
FN:15,GameBusClient
FN:25,Object.<anonymous>.GameBusClient.activity
FN:29,Object.<anonymous>.GameBusClient.exercise
FN:33,Object.<anonymous>.GameBusClient.food
FN:37,Object.<anonymous>.GameBusClient.glucose
FN:41,Object.<anonymous>.GameBusClient.insulin
FN:45,Object.<anonymous>.GameBusClient.mood
FN:49,Object.<anonymous>.GameBusClient.circle
FN:53,Object.<anonymous>.GameBusClient.challenge
FN:57,Object.<anonymous>.GameBusClient.bmi
FN:61,Object.<anonymous>.GameBusClient.user
FN:75,Object.<anonymous>.GameBusClient.put
FN:105,Object.<anonymous>.GameBusClient.post
FN:134,Object.<anonymous>.GameBusClient.get
FN:162,Object.<anonymous>.GameBusClient.delete
FN:192,Object.<anonymous>.GameBusClient.request
FN:257,Object.<anonymous>.GameBusClient.createHeader
FN:286,Object.<anonymous>.GameBusClient.createURL
FNF:18
FNH:18
FNDA:2,GameBusClient
FNDA:4,Object.<anonymous>.GameBusClient.activity
FNDA:6,Object.<anonymous>.GameBusClient.exercise
FNDA:5,Object.<anonymous>.GameBusClient.food
FNDA:4,Object.<anonymous>.GameBusClient.glucose
FNDA:2,Object.<anonymous>.GameBusClient.insulin
FNDA:2,Object.<anonymous>.GameBusClient.mood
FNDA:2,Object.<anonymous>.GameBusClient.circle
FNDA:2,Object.<anonymous>.GameBusClient.challenge
FNDA:4,Object.<anonymous>.GameBusClient.bmi
FNDA:4,Object.<anonymous>.GameBusClient.user
FNDA:1,Object.<anonymous>.GameBusClient.put
FNDA:2,Object.<anonymous>.GameBusClient.post
FNDA:4,Object.<anonymous>.GameBusClient.get
FNDA:2,Object.<anonymous>.GameBusClient.delete
FNDA:7,Object.<anonymous>.GameBusClient.request
FNDA:7,Object.<anonymous>.GameBusClient.createHeader
FNDA:7,Object.<anonymous>.GameBusClient.createURL
DA:1,1
DA:2,1
DA:3,1
DA:4,1
DA:5,1
DA:6,1
DA:7,1
DA:8,1
DA:9,1
DA:10,1
DA:11,1
DA:12,1
DA:13,1
DA:14,1
DA:15,1
DA:16,2
DA:17,2
DA:18,2
DA:19,1
DA:20,1
DA:21,1
DA:22,1
DA:23,1
DA:24,1
DA:25,1
DA:26,4
DA:27,4
DA:28,1
DA:29,1
DA:30,6
DA:31,6
DA:32,1
DA:33,1
DA:34,5
DA:35,5
DA:36,1
DA:37,1
DA:38,4
DA:39,4
DA:40,1
DA:41,1
DA:42,2
DA:43,2
DA:44,1
DA:45,1
DA:46,2
DA:47,2
DA:48,1
DA:49,1
DA:50,2
DA:51,2
DA:52,1
DA:53,1
DA:54,2
DA:55,2
DA:56,1
DA:57,1
DA:58,4
DA:59,4
DA:60,1
DA:61,1
DA:62,4
DA:63,4
DA:64,1
DA:65,1
DA:66,1
DA:67,1
DA:68,1
DA:69,1
DA:70,1
DA:71,1
DA:72,1
DA:73,1
DA:74,1
DA:75,1
DA:76,1
DA:77,1
DA:78,1
DA:79,1
DA:80,1
DA:81,1
DA:82,1
DA:83,1
DA:84,1
DA:85,1
DA:86,1
DA:87,1
DA:88,1
DA:89,1
DA:90,1
DA:91,1
DA:92,1
DA:93,1
DA:94,1
DA:95,1
DA:96,1
DA:97,1
DA:98,1
DA:99,1
DA:100,1
DA:101,1
DA:102,1
DA:103,1
DA:104,1
DA:105,1
DA:106,2
DA:107,2
DA:108,2
DA:109,2
DA:110,2
DA:111,2
DA:112,2
DA:113,2
DA:114,2
DA:115,2
DA:116,2
DA:117,2
DA:118,2
DA:119,2
DA:120,2
DA:121,2
DA:122,2
DA:123,2
DA:124,1
DA:125,1
DA:126,1
DA:127,1
DA:128,1
DA:129,1
DA:130,1
DA:131,1
DA:132,1
DA:133,1
DA:134,1
DA:135,4
DA:136,4
DA:137,4
DA:138,4
DA:139,4
DA:140,4
DA:141,4
DA:142,4
DA:143,4
DA:144,4
DA:145,4
DA:146,4
DA:147,4
DA:148,4
DA:149,4
DA:150,4
DA:151,4
DA:152,1
DA:153,1
DA:154,1
DA:155,1
DA:156,1
DA:157,1
DA:158,1
DA:159,1
DA:160,1
DA:161,1
DA:162,1
DA:163,2
DA:164,2
DA:165,2
DA:166,2
DA:167,2
DA:168,2
DA:169,2
DA:170,2
DA:171,2
DA:172,2
DA:173,2
DA:174,2
DA:175,2
DA:176,2
DA:177,2
DA:178,2
DA:179,2
DA:180,1
DA:181,1
DA:182,1
DA:183,1
DA:184,1
DA:185,1
DA:186,1
DA:187,1
DA:188,1
DA:189,1
DA:190,1
DA:191,1
DA:192,1
DA:193,7
DA:194,7
DA:195,7
DA:196,7
DA:197,7
DA:198,7
DA:199,7
DA:200,7
DA:201,7
DA:202,7
DA:203,7
DA:204,7
DA:205,0
DA:206,0
DA:207,7
DA:208,7
DA:209,7
DA:210,7
DA:211,7
DA:212,7
DA:213,7
DA:214,7
DA:215,7
DA:216,7
DA:217,0
DA:218,0
DA:219,0
DA:220,0
DA:221,0
DA:222,7
DA:223,7
DA:224,7
DA:225,7
DA:226,7
DA:227,7
DA:228,7
DA:229,7
DA:230,7
DA:231,7
DA:232,7
DA:233,7
DA:234,7
DA:235,0
DA:236,0
DA:237,7
DA:238,7
DA:239,7
DA:240,7
DA:241,7
DA:242,0
DA:243,0
DA:244,7
DA:245,7
DA:246,7
DA:247,7
DA:248,7
DA:249,7
DA:250,1
DA:251,1
DA:252,1
DA:253,1
DA:254,1
DA:255,1
DA:256,1
DA:257,1
DA:258,7
DA:259,7
DA:260,7
DA:261,7
DA:262,7
DA:263,7
DA:264,7
DA:265,7
DA:266,7
DA:267,7
DA:268,7
DA:269,7
DA:270,7
DA:271,7
DA:272,7
DA:273,0
DA:274,0
DA:275,7
DA:276,7
DA:277,7
DA:278,7
DA:279,1
DA:280,1
DA:281,1
DA:282,1
DA:283,1
DA:284,1
DA:285,1
DA:286,1
DA:287,7
DA:288,7
DA:289,7
DA:290,7
DA:291,5
DA:292,5
DA:293,7
DA:294,2
DA:295,2
DA:296,7
DA:297,7
DA:298,7
DA:299,1
DA:300,1
DA:301,1
DA:302,1
DA:303,1
DA:304,1
DA:305,1
DA:306,1
DA:307,1
DA:308,1
DA:309,1
DA:310,1
DA:311,1
DA:312,1
LF:312
LH:299
BRDA:8,0,0,1
BRDA:15,1,0,2
BRDA:25,2,0,4
BRDA:29,3,0,6
BRDA:33,4,0,5
BRDA:37,5,0,4
BRDA:41,6,0,2
BRDA:45,7,0,2
BRDA:49,8,0,2
BRDA:53,9,0,2
BRDA:57,10,0,4
BRDA:61,11,0,4
BRDA:75,12,0,1
BRDA:105,13,0,2
BRDA:134,14,0,4
BRDA:162,15,0,2
BRDA:192,16,0,7
BRDA:204,17,0,0
BRDA:216,18,0,0
BRDA:234,19,0,0
BRDA:241,20,0,0
BRDA:257,21,0,7
BRDA:272,22,0,0
BRDA:286,23,0,7
BRDA:290,24,0,5
BRDA:293,25,0,2
BRDA:304,26,0,1
BRF:27
BRH:22
end_of_record
TN:
SF:src\gb\auth\tokenHandler.ts
FN:13,TokenHandler
FN:26,Object.<anonymous>.TokenHandler.getToken
FNF:2
FNH:2
FNDA:2,TokenHandler
FNDA:14,Object.<anonymous>.TokenHandler.getToken
DA:1,1
DA:2,1
DA:3,1
DA:4,1
DA:5,1
DA:6,1
DA:7,1
DA:8,1
DA:9,1
DA:10,1
DA:11,1
DA:12,1
DA:13,1
DA:14,2
DA:15,2
DA:16,2
DA:17,2
DA:18,1
DA:19,1
DA:20,1
DA:21,1
DA:22,1
DA:23,1
DA:24,1
DA:25,1
DA:26,1
DA:27,14
DA:28,14
DA:29,14
DA:30,14
DA:31,14
DA:32,1
DA:33,1
DA:34,1
DA:35,1
DA:36,1
DA:37,1
DA:38,1
DA:39,1
DA:40,1
DA:41,1
LF:41
LH:41
BRDA:4,0,0,1
BRDA:13,1,0,2
BRDA:26,2,0,14
BRF:3
BRH:3
end_of_record
TN:
SF:src\gb\objects\GBObjectTypes.ts
FN:221,Keys
FNF:1
FNH:0
FNDA:0,Keys
DA:1,1
DA:2,1
DA:3,1
DA:4,1
DA:5,1
DA:6,1
DA:7,1
DA:8,1
DA:9,1
DA:10,1
DA:11,1
DA:12,1
DA:13,1
DA:14,1
DA:15,1
DA:16,1
DA:17,1
DA:18,1
DA:19,1
DA:20,1
DA:21,1
DA:22,1
DA:23,1
DA:24,1
DA:25,1
DA:26,1
DA:27,1
DA:28,1
DA:29,1
DA:30,1
DA:31,1
DA:32,1
DA:33,1
DA:34,1
DA:35,1
DA:36,1
DA:37,1
DA:38,1
DA:39,1
DA:40,1
DA:41,1
DA:42,1
DA:43,1
DA:44,1
DA:45,1
DA:46,1
DA:47,1
DA:48,1
DA:49,1
DA:50,1
DA:51,1
DA:52,1
DA:53,1
DA:54,1
DA:55,1
DA:56,1
DA:57,1
DA:58,1
DA:59,1
DA:60,1
DA:61,1
DA:62,1
DA:63,1
DA:64,1
DA:65,1
DA:66,1
DA:67,1
DA:68,1
DA:69,1
DA:70,1
DA:71,1
DA:72,1
DA:73,1
DA:74,1
DA:75,1
DA:76,1
DA:77,1
DA:78,1
DA:79,1
DA:80,1
DA:81,1
DA:82,1
DA:83,1
DA:84,1
DA:85,1
DA:86,1
DA:87,1
DA:88,1
DA:89,1
DA:90,1
DA:91,1
DA:92,1
DA:93,1
DA:94,1
DA:95,1
DA:96,1
DA:97,1
DA:98,1
DA:99,1
DA:100,1
DA:101,1
DA:102,1
DA:103,1
DA:104,1
DA:105,1
DA:106,1
DA:107,1
DA:108,1
DA:109,1
DA:110,1
DA:111,1
DA:112,1
DA:113,1
DA:114,1
DA:115,1
DA:116,1
DA:117,1
DA:118,1
DA:119,1
DA:120,1
DA:121,1
DA:122,1
DA:123,1
DA:124,1
DA:125,1
DA:126,1
DA:127,1
DA:128,1
DA:129,1
DA:130,1
DA:131,1
DA:132,1
DA:133,1
DA:134,1
DA:135,1
DA:136,1
DA:137,1
DA:138,1
DA:139,1
DA:140,1
DA:141,1
DA:142,1
DA:143,1
DA:144,1
DA:145,1
DA:146,1
DA:147,1
DA:148,1
DA:149,1
DA:150,1
DA:151,1
DA:152,1
DA:153,1
DA:154,1
DA:155,1
DA:156,1
DA:157,1
DA:158,1
DA:159,1
DA:160,1
DA:161,1
DA:162,1
DA:163,1
DA:164,1
DA:165,1
DA:166,1
DA:167,1
DA:168,1
DA:169,1
DA:170,1
DA:171,1
DA:172,1
DA:173,1
DA:174,1
DA:175,1
DA:176,1
DA:177,1
DA:178,1
DA:179,1
DA:180,1
DA:181,1
DA:182,1
DA:183,1
DA:184,1
DA:185,1
DA:186,1
DA:187,1
DA:188,1
DA:189,1
DA:190,1
DA:191,1
DA:192,1
DA:193,1
DA:194,1
DA:195,1
DA:196,1
DA:197,1
DA:198,1
DA:199,1
DA:200,1
DA:201,1
DA:202,1
DA:203,1
DA:204,1
DA:205,1
DA:206,1
DA:207,1
DA:208,1
DA:209,1
DA:210,1
DA:211,1
DA:212,1
DA:213,1
DA:214,1
DA:215,1
DA:216,1
DA:217,1
DA:218,1
DA:219,1
DA:220,1
DA:221,0
DA:222,0
DA:223,0
DA:224,0
DA:225,0
DA:226,0
DA:227,0
DA:228,0
DA:229,0
DA:230,0
DA:231,0
DA:232,0
DA:233,0
DA:234,0
DA:235,0
DA:236,0
DA:237,0
DA:238,0
DA:239,0
DA:240,0
DA:241,0
DA:242,0
LF:242
LH:220
BRDA:6,0,0,1
BRDA:20,1,0,1
BRDA:39,2,0,1
BRDA:90,3,0,1
BRDA:103,4,0,1
BRDA:110,5,0,1
BRDA:123,6,0,1
BRDA:142,7,0,1
BRDA:159,8,0,1
BRDA:167,9,0,1
BRDA:184,10,0,1
BRDA:221,11,0,1
BRF:12
BRH:12
end_of_record
TN:
SF:src\gb\objects\activity.ts
FN:23,Activity
FN:32,Object.<anonymous>.Activity.putActivity
FN:69,Object.<anonymous>.Activity.postActivity
FN:88,Object.<anonymous>.Activity.postActivities
FN:111,Object.<anonymous>.Activity.getActivityById
FN:130,Object.<anonymous>.Activity.getAllActivities
FN:165,Object.<anonymous>.Activity.getAllActivitiesWithGd
FN:193,Object.<anonymous>.Activity.getAllAcitivitiesBetweenDate
FN:246,Object.<anonymous>.Activity.getAllActivitiesBetweenUnix
FN:281,Object.<anonymous>.Activity.getAllActivitiesBetweenUnixWithGd
FN:315,Object.<anonymous>.Activity.getActivitiesOnDate
FN:348,Object.<anonymous>.Activity.getActivitiesOnUnixDate
FN:386,Object.<anonymous>.Activity.getActivitiesOnUnixDateWithGd
FN:409,Object.<anonymous>.Activity.deleteActivityById
FN:427,Object.<anonymous>.Activity.deleteAllActivities
FN:444,Object.<anonymous>.Activity.checkActivityType
FN:459,Object.<anonymous>.Activity.getActivityInfoFromActivity
FNF:17
FNH:15
FNDA:2,Activity
FNDA:1,Object.<anonymous>.Activity.putActivity
FNDA:1,Object.<anonymous>.Activity.postActivity
FNDA:1,Object.<anonymous>.Activity.postActivities
FNDA:1,Object.<anonymous>.Activity.getActivityById
FNDA:1,Object.<anonymous>.Activity.getAllActivities
FNDA:2,Object.<anonymous>.Activity.getAllActivitiesWithGd
FNDA:1,Object.<anonymous>.Activity.getAllAcitivitiesBetweenDate
FNDA:1,Object.<anonymous>.Activity.getAllActivitiesBetweenUnix
FNDA:1,Object.<anonymous>.Activity.getAllActivitiesBetweenUnixWithGd
FNDA:1,Object.<anonymous>.Activity.getActivitiesOnDate
FNDA:2,Object.<anonymous>.Activity.getActivitiesOnUnixDate
FNDA:2,Object.<anonymous>.Activity.getActivitiesOnUnixDateWithGd
FNDA:1,Object.<anonymous>.Activity.deleteActivityById
FNDA:0,Object.<anonymous>.Activity.deleteAllActivities
FNDA:0,Object.<anonymous>.Activity.checkActivityType
FNDA:2,Object.<anonymous>.Activity.getActivityInfoFromActivity
DA:1,1
DA:2,1
DA:3,1
DA:4,1
DA:5,1
DA:6,1
DA:7,1
DA:8,1
DA:9,1
DA:10,1
DA:11,1
DA:12,1
DA:13,1
DA:14,1
DA:15,1
DA:16,1
DA:17,1
DA:18,1
DA:19,1
DA:20,1
DA:21,1
DA:22,1
DA:23,1
DA:24,1
DA:25,1
DA:26,1
DA:27,1
DA:28,1
DA:29,1
DA:30,1
DA:31,1
DA:32,1
DA:33,1
DA:34,1
DA:35,1
DA:36,1
DA:37,1
DA:38,1
DA:39,1
DA:40,1
DA:41,1
DA:42,1
DA:43,1
DA:44,1
DA:45,1
DA:46,1
DA:47,1
DA:48,1
DA:49,1
DA:50,1
DA:51,1
DA:52,1
DA:53,1
DA:54,1
DA:55,1
DA:56,1
DA:57,1
DA:58,1
DA:59,1
DA:60,1
DA:61,1
DA:62,1
DA:63,1
DA:64,1
DA:65,1
DA:66,1
DA:67,1
DA:68,1
DA:69,1
DA:70,1
DA:71,1
DA:72,1
DA:73,1
DA:74,1
DA:75,1
DA:76,1
DA:77,1
DA:78,1
DA:79,1
DA:80,1
DA:81,1
DA:82,1
DA:83,1
DA:84,1
DA:85,1
DA:86,1
DA:87,1
DA:88,1
DA:89,1
DA:90,1
DA:91,1
DA:92,1
DA:93,1
DA:94,1
DA:95,1
DA:96,1
DA:97,1
DA:98,1
DA:99,1
DA:100,1
DA:101,1
DA:102,1
DA:103,1
DA:104,1
DA:105,1
DA:106,1
DA:107,1
DA:108,1
DA:109,1
DA:110,1
DA:111,1
DA:112,1
DA:113,1
DA:114,1
DA:115,1
DA:116,1
DA:117,1
DA:118,1
DA:119,1
DA:120,1
DA:121,1
DA:122,1
DA:123,1
DA:124,1
DA:125,1
DA:126,1
DA:127,1
DA:128,1
DA:129,1
DA:130,1
DA:131,1
DA:132,1
DA:133,1
DA:134,1
DA:135,1
DA:136,1
DA:137,1
DA:138,1
DA:139,1
DA:140,1
DA:141,1
DA:142,1
DA:143,1
DA:144,1
DA:145,1
DA:146,1
DA:147,1
DA:148,1
DA:149,1
DA:150,1
DA:151,1
DA:152,1
DA:153,1
DA:154,1
DA:155,1
DA:156,1
DA:157,1
DA:158,1
DA:159,1
DA:160,1
DA:161,1
DA:162,1
DA:163,1
DA:164,1
DA:165,1
DA:166,2
DA:167,2
DA:168,2
DA:169,2
DA:170,2
DA:171,2
DA:172,2
DA:173,2
DA:174,2
DA:175,2
DA:176,2
DA:177,2
DA:178,2
DA:179,2
DA:180,2
DA:181,2
DA:182,1
DA:183,1
DA:184,1
DA:185,1
DA:186,1
DA:187,1
DA:188,1
DA:189,1
DA:190,1
DA:191,1
DA:192,1
DA:193,1
DA:194,1
DA:195,1
DA:196,1
DA:197,1
DA:198,1
DA:199,1
DA:200,1
DA:201,1
DA:202,1
DA:203,1
DA:204,1
DA:205,1
DA:206,1
DA:207,1
DA:208,1
DA:209,1
DA:210,1
DA:211,1
DA:212,1
DA:213,1
DA:214,1
DA:215,0
DA:216,0
DA:217,0
DA:218,0
DA:219,0
DA:220,0
DA:221,1
DA:222,0
DA:223,0
DA:224,0
DA:225,0
DA:226,0
DA:227,0
DA:228,1
DA:229,1
DA:230,1
DA:231,1
DA:232,1
DA:233,1
DA:234,1
DA:235,1
DA:236,1
DA:237,1
DA:238,1
DA:239,1
DA:240,1
DA:241,1
DA:242,1
DA:243,1
DA:244,1
DA:245,1
DA:246,1
DA:247,1
DA:248,1
DA:249,1
DA:250,1
DA:251,1
DA:252,1
DA:253,1
DA:254,1
DA:255,1
DA:256,1
DA:257,1
DA:258,1
DA:259,1
DA:260,1
DA:261,1
DA:262,1
DA:263,1
DA:264,1
DA:265,1
DA:266,1
DA:267,1
DA:268,1
DA:269,1
DA:270,1
DA:271,1
DA:272,1
DA:273,1
DA:274,1
DA:275,1
DA:276,1
DA:277,1
DA:278,1
DA:279,1
DA:280,1
DA:281,1
DA:282,1
DA:283,1
DA:284,1
DA:285,1
DA:286,1
DA:287,1
DA:288,1
DA:289,1
DA:290,1
DA:291,1
DA:292,1
DA:293,1
DA:294,1
DA:295,1
DA:296,1
DA:297,1
DA:298,1
DA:299,1
DA:300,1
DA:301,1
DA:302,1
DA:303,1
DA:304,1
DA:305,1
DA:306,1
DA:307,1
DA:308,1
DA:309,1
DA:310,1
DA:311,1
DA:312,1
DA:313,1
DA:314,1
DA:315,1
DA:316,1
DA:317,1
DA:318,1
DA:319,1
DA:320,1
DA:321,1
DA:322,1
DA:323,1
DA:324,1
DA:325,1
DA:326,1
DA:327,1
DA:328,1
DA:329,1
DA:330,1
DA:331,1
DA:332,1
DA:333,1
DA:334,1
DA:335,1
DA:336,1
DA:337,1
DA:338,1
DA:339,1
DA:340,1
DA:341,1
DA:342,1
DA:343,1
DA:344,1
DA:345,1
DA:346,1
DA:347,1
DA:348,1
DA:349,2
DA:350,2
DA:351,2
DA:352,2
DA:353,2
DA:354,2
DA:355,2
DA:356,2
DA:357,2
DA:358,2
DA:359,2
DA:360,2
DA:361,2
DA:362,2
DA:363,2
DA:364,2
DA:365,2
DA:366,2
DA:367,2
DA:368,2
DA:369,2
DA:370,2
DA:371,2
DA:372,2
DA:373,2
DA:374,2
DA:375,2
DA:376,1
DA:377,1
DA:378,1
DA:379,1
DA:380,1
DA:381,1
DA:382,1
DA:383,1
DA:384,1
DA:385,1
DA:386,1
DA:387,2
DA:388,2
DA:389,2
DA:390,2
DA:391,2
DA:392,2
DA:393,2
DA:394,2
DA:395,2
DA:396,2
DA:397,2
DA:398,2
DA:399,2
DA:400,2
DA:401,1
DA:402,1
DA:403,1
DA:404,1
DA:405,1
DA:406,1
DA:407,1
DA:408,1
DA:409,1
DA:410,1
DA:411,1
DA:412,1
DA:413,1
DA:414,1
DA:415,1
DA:416,1
DA:417,1
DA:418,1
DA:419,1
DA:420,1
DA:421,1
DA:422,1
DA:423,1
DA:424,1
DA:425,1
DA:426,1
DA:427,1
DA:428,0
DA:429,0
DA:430,0
DA:431,0
DA:432,0
DA:433,0
DA:434,0
DA:435,0
DA:436,0
DA:437,1
DA:438,1
DA:439,1
DA:440,1
DA:441,1
DA:442,1
DA:443,1
DA:444,1
DA:445,0
DA:446,0
DA:447,0
DA:448,0
DA:449,0
DA:450,0
DA:451,0
DA:452,0
DA:453,1
DA:454,1
DA:455,1
DA:456,1
DA:457,1
DA:458,1
DA:459,1
DA:460,2
DA:461,2
DA:462,2
DA:463,2
DA:464,2
DA:465,2
DA:466,2
DA:467,2
DA:468,2
DA:469,2
DA:470,2
DA:471,2
DA:472,2
DA:473,2
DA:474,2
DA:475,2
DA:476,2
DA:477,2
DA:478,2
DA:479,2
DA:480,2
DA:481,2
DA:482,2
DA:483,2
DA:484,2
DA:485,2
DA:486,2
DA:487,2
DA:488,1
LF:488
LH:459
BRDA:22,0,0,1
BRDA:23,1,0,2
BRDA:32,2,0,1
BRDA:69,3,0,1
BRDA:74,4,0,1
BRDA:88,5,0,1
BRDA:93,6,0,1
BRDA:111,7,0,1
BRDA:116,8,0,1
BRDA:130,9,0,1
BRDA:135,10,0,1
BRDA:165,11,0,2
BRDA:171,12,0,2
BRDA:193,13,0,1
BRDA:210,14,0,0
BRDA:214,15,0,0
BRDA:221,16,0,0
BRDA:246,17,0,1
BRDA:258,18,0,1
BRDA:281,19,0,1
BRDA:292,20,0,1
BRDA:292,21,0,1
BRDA:315,22,0,1
BRDA:348,23,0,2
BRDA:386,24,0,2
BRDA:396,25,0,2
BRDA:396,26,0,2
BRDA:409,27,0,1
BRDA:414,28,0,1
BRDA:459,29,0,2
BRDA:465,30,0,2
BRDA:480,31,0,0
BRF:32
BRH:28
end_of_record
TN:
SF:src\gb\objects\bmi.ts
FN:13,BMI
FN:19,Object.<anonymous>.BMI.getBMIActivities
FN:43,Object.<anonymous>.BMI.getLatestBMIActivity
FN:66,Object.<anonymous>.BMI.postSingleBMIActivity
FN:82,Object.<anonymous>.BMI.toPOSTData
FN:108,Object.<anonymous>.BMI.convertBMIResponseToModel
FN:138,Object.<anonymous>.BMI.convertResponseToBMIModels
FNF:7
FNH:7
FNDA:2,BMI
FNDA:3,Object.<anonymous>.BMI.getBMIActivities
FNDA:2,Object.<anonymous>.BMI.getLatestBMIActivity
FNDA:1,Object.<anonymous>.BMI.postSingleBMIActivity
FNDA:1,Object.<anonymous>.BMI.toPOSTData
FNDA:1,Object.<anonymous>.BMI.convertBMIResponseToModel
FNDA:4,Object.<anonymous>.BMI.convertResponseToBMIModels
DA:1,1
DA:2,1
DA:3,1
DA:4,1
DA:5,1
DA:6,1
DA:7,1
DA:8,1
DA:9,1
DA:10,1
DA:11,1
DA:12,1
DA:13,2
DA:14,2
DA:15,2
DA:16,2
DA:17,2
DA:18,2
DA:19,2
DA:20,3
DA:21,3
DA:22,3
DA:23,3
DA:24,3
DA:25,3
DA:26,3
DA:27,3
DA:28,3
DA:29,3
DA:30,3
DA:31,3
DA:32,3
DA:33,3
DA:34,3
DA:35,2
DA:36,2
DA:37,2
DA:38,2
DA:39,2
DA:40,2
DA:41,2
DA:42,2
DA:43,2
DA:44,2
DA:45,2
DA:46,2
DA:47,2
DA:48,2
DA:49,2
DA:50,2
DA:51,2
DA:52,2
DA:53,2
DA:54,2
DA:55,2
DA:56,2
DA:57,2
DA:58,0
DA:59,2
DA:60,2
DA:61,2
DA:62,2
DA:63,2
DA:64,2
DA:65,2
DA:66,2
DA:67,1
DA:68,1
DA:69,1
DA:70,1
DA:71,1
DA:72,1
DA:73,1
DA:74,1
DA:75,1
DA:76,1
DA:77,2
DA:78,2
DA:79,2
DA:80,2
DA:81,2
DA:82,2
DA:83,1
DA:84,1
DA:85,1
DA:86,1
DA:87,1
DA:88,1
DA:89,1
DA:90,1
DA:91,1
DA:92,6
DA:93,3
DA:94,3
DA:95,3
DA:96,3
DA:97,3
DA:98,6
DA:99,1
DA:100,1
DA:101,1
DA:102,2
DA:103,2
DA:104,2
DA:105,2
DA:106,2
DA:107,2
DA:108,2
DA:109,1
DA:110,1
DA:111,1
DA:112,1
DA:113,1
DA:114,1
DA:115,1
DA:116,1
DA:117,1
DA:118,1
DA:119,1
DA:120,1
DA:121,1
DA:122,1
DA:123,1
DA:124,6
DA:125,36
DA:126,6
DA:127,6
DA:128,36
DA:129,1
DA:130,1
DA:131,1
DA:132,2
DA:133,2
DA:134,2
DA:135,2
DA:136,2
DA:137,2
DA:138,2
DA:139,4
DA:140,1
DA:141,1
DA:142,3
DA:143,3
DA:144,3
DA:145,3
DA:146,1
DA:147,3
DA:148,3
DA:149,1
DA:150,3
DA:151,3
DA:152,3
DA:153,2
LF:153
LH:152
BRDA:13,0,0,1
BRDA:13,1,0,2
BRDA:19,2,0,3
BRDA:24,3,0,3
BRDA:43,4,0,2
BRDA:48,5,0,2
BRDA:58,6,0,0
BRDA:66,7,0,1
BRDA:82,8,0,1
BRDA:91,9,0,6
BRDA:92,10,0,3
BRDA:108,11,0,1
BRDA:123,12,0,6
BRDA:124,13,0,36
BRDA:125,14,0,6
BRDA:138,15,0,4
BRDA:139,16,0,1
BRDA:142,17,0,3
BRDA:145,18,0,1
BRDA:148,19,0,1
BRF:20
BRH:19
end_of_record
TN:
SF:src\gb\objects\challenge.ts
FN:6,Challenge
FN:12,Object.<anonymous>.Challenge.postChallenge
FN:45,Object.<anonymous>.Challenge.postCircleMembership
FNF:3
FNH:3
FNDA:2,Challenge
FNDA:1,Object.<anonymous>.Challenge.postChallenge
FNDA:1,Object.<anonymous>.Challenge.postCircleMembership
DA:1,1
DA:2,1
DA:3,1
DA:4,1
DA:5,1
DA:6,1
DA:7,1
DA:8,1
DA:9,1
DA:10,1
DA:11,1
DA:12,1
DA:13,1
DA:14,1
DA:15,1
DA:16,1
DA:17,1
DA:18,1
DA:19,1
DA:20,1
DA:21,1
DA:22,1
DA:23,1
DA:24,1
DA:25,1
DA:26,1
DA:27,1
DA:28,1
DA:29,1
DA:30,1
DA:31,1
DA:32,1
DA:33,1
DA:34,1
DA:35,1
DA:36,1
DA:37,1
DA:38,1
DA:39,1
DA:40,1
DA:41,1
DA:42,1
DA:43,1
DA:44,1
DA:45,1
DA:46,1
DA:47,1
DA:48,1
DA:49,1
DA:50,1
DA:51,1
DA:52,1
DA:53,1
DA:54,1
DA:55,1
DA:56,1
DA:57,1
DA:58,1
DA:59,1
DA:60,1
DA:61,1
DA:62,1
LF:62
LH:62
BRDA:5,0,0,1
BRDA:6,1,0,2
BRDA:12,2,0,1
BRDA:45,3,0,1
BRDA:52,4,0,1
BRF:5
BRH:5
end_of_record
TN:
SF:src\gb\objects\circle.ts
FN:5,Circle
FN:14,Object.<anonymous>.Circle.getCircleById
FN:35,Object.<anonymous>.Circle.getAllCircles
FN:58,Object.<anonymous>.Circle.getAllCirclesLeaderDiabetter
FN:90,Object.<anonymous>.Circle.getPlayersForAGivenCircle
FNF:5
FNH:5
FNDA:2,Circle
FNDA:1,Object.<anonymous>.Circle.getCircleById
FNDA:1,Object.<anonymous>.Circle.getAllCircles
FNDA:1,Object.<anonymous>.Circle.getAllCirclesLeaderDiabetter
FNDA:1,Object.<anonymous>.Circle.getPlayersForAGivenCircle
DA:1,1
DA:2,1
DA:3,1
DA:4,1
DA:5,1
DA:6,1
DA:7,1
DA:8,1
DA:9,1
DA:10,1
DA:11,1
DA:12,1
DA:13,1
DA:14,1
DA:15,1
DA:16,1
DA:17,1
DA:18,1
DA:19,1
DA:20,1
DA:21,1
DA:22,1
DA:23,1
DA:24,1
DA:25,1
DA:26,1
DA:27,1
DA:28,1
DA:29,1
DA:30,1
DA:31,1
DA:32,1
DA:33,1
DA:34,1
DA:35,1
DA:36,1
DA:37,1
DA:38,1
DA:39,1
DA:40,1
DA:41,1
DA:42,1
DA:43,1
DA:44,1
DA:45,1
DA:46,1
DA:47,1
DA:48,1
DA:49,1
DA:50,1
DA:51,1
DA:52,1
DA:53,1
DA:54,1
DA:55,1
DA:56,1
DA:57,1
DA:58,1
DA:59,1
DA:60,1
DA:61,1
DA:62,1
DA:63,1
DA:64,1
DA:65,1
DA:66,1
DA:67,1
DA:68,1
DA:69,1
DA:70,1
DA:71,1
DA:72,1
DA:73,1
DA:74,1
DA:75,1
DA:76,0
DA:77,0
DA:78,0
DA:79,1
DA:80,1
DA:81,1
DA:82,1
DA:83,1
DA:84,1
DA:85,1
DA:86,1
DA:87,1
DA:88,1
DA:89,1
DA:90,1
DA:91,1
DA:92,1
DA:93,1
DA:94,1
DA:95,1
DA:96,1
DA:97,1
DA:98,1
DA:99,1
DA:100,1
DA:101,1
DA:102,1
DA:103,1
DA:104,0
DA:105,0
DA:106,0
DA:107,0
DA:108,1
DA:109,1
DA:110,1
LF:110
LH:103
BRDA:4,0,0,1
BRDA:5,1,0,2
BRDA:14,2,0,1
BRDA:19,3,0,1
BRDA:35,4,0,1
BRDA:40,5,0,1
BRDA:58,6,0,1
BRDA:90,7,0,1
BRDA:95,8,0,1
BRDA:103,9,0,0
BRF:10
BRH:9
end_of_record
TN:
SF:src\gb\objects\exercise.ts
FN:22,Exercise
FN:23,Object.<anonymous>.Exercise.postSingleExerciseActivity
FN:39,Object.<anonymous>.Exercise.toPOSTData
FN:66,Object.<anonymous>.Exercise.getAllExerciseActivities
FN:84,Object.<anonymous>.Exercise.getExerciseActivityFromGd
FN:111,Object.<anonymous>.Exercise.getExerciseActivityFromGdBetweenUnix
FN:147,Object.<anonymous>.Exercise.getAllExerciseActivitiesBetweenUnix
FN:180,Object.<anonymous>.Exercise.getExerciseActivityFromGdOnUnixDate
FN:213,Object.<anonymous>.Exercise.getAllExerciseActivitiesOnUnixDate
FN:239,Object.<anonymous>.Exercise.convertExerciseResponseToModel
FN:284,Object.<anonymous>.Exercise.convertResponseToExerciseModels
FNF:11
FNH:9
FNDA:2,Exercise
FNDA:0,Object.<anonymous>.Exercise.postSingleExerciseActivity
FNDA:0,Object.<anonymous>.Exercise.toPOSTData
FNDA:1,Object.<anonymous>.Exercise.getAllExerciseActivities
FNDA:2,Object.<anonymous>.Exercise.getExerciseActivityFromGd
FNDA:2,Object.<anonymous>.Exercise.getExerciseActivityFromGdBetweenUnix
FNDA:1,Object.<anonymous>.Exercise.getAllExerciseActivitiesBetweenUnix
FNDA:2,Object.<anonymous>.Exercise.getExerciseActivityFromGdOnUnixDate
FNDA:1,Object.<anonymous>.Exercise.getAllExerciseActivitiesOnUnixDate
FNDA:1,Object.<anonymous>.Exercise.convertExerciseResponseToModel
FNDA:7,Object.<anonymous>.Exercise.convertResponseToExerciseModels
DA:1,1
DA:2,1
DA:3,1
DA:4,1
DA:5,1
DA:6,1
DA:7,1
DA:8,1
DA:9,1
DA:10,1
DA:11,1
DA:12,1
DA:13,1
DA:14,1
DA:15,1
DA:16,1
DA:17,1
DA:18,1
DA:19,1
DA:20,1
DA:21,1
DA:22,2
DA:23,2
DA:24,0
DA:25,0
DA:26,0
DA:27,0
DA:28,0
DA:29,0
DA:30,0
DA:31,0
DA:32,0
DA:33,0
DA:34,2
DA:35,2
DA:36,2
DA:37,2
DA:38,2
DA:39,2
DA:40,0
DA:41,0
DA:42,0
DA:43,0
DA:44,0
DA:45,0
DA:46,0
DA:47,0
DA:48,0
DA:49,0
DA:50,0
DA:51,0
DA:52,0
DA:53,0
DA:54,0
DA:55,0
DA:56,0
DA:57,0
DA:58,0
DA:59,0
DA:60,2
DA:61,2
DA:62,2
DA:63,2
DA:64,2
DA:65,2
DA:66,2
DA:67,1
DA:68,1
DA:69,1
DA:70,1
DA:71,1
DA:72,1
DA:73,1
DA:74,1
DA:75,1
DA:76,1
DA:77,1
DA:78,2
DA:79,2
DA:80,2
DA:81,2
DA:82,2
DA:83,2
DA:84,2
DA:85,2
DA:86,2
DA:87,2
DA:88,2
DA:89,2
DA:90,2
DA:91,2
DA:92,2
DA:93,2
DA:94,2
DA:95,2
DA:96,2
DA:97,2
DA:98,2
DA:99,2
DA:100,2
DA:101,2
DA:102,2
DA:103,2
DA:104,2
DA:105,2
DA:106,2
DA:107,2
DA:108,2
DA:109,2
DA:110,2
DA:111,2
DA:112,2
DA:113,2
DA:114,2
DA:115,2
DA:116,2
DA:117,2
DA:118,2
DA:119,2
DA:120,2
DA:121,2
DA:122,2
DA:123,2
DA:124,2
DA:125,2
DA:126,2
DA:127,2
DA:128,2
DA:129,2
DA:130,2
DA:131,2
DA:132,2
DA:133,2
DA:134,2
DA:135,2
DA:136,2
DA:137,2
DA:138,2
DA:139,2
DA:140,2
DA:141,2
DA:142,2
DA:143,2
DA:144,2
DA:145,2
DA:146,2
DA:147,2
DA:148,1
DA:149,1
DA:150,1
DA:151,1
DA:152,1
DA:153,1
DA:154,1
DA:155,1
DA:156,1
DA:157,1
DA:158,1
DA:159,1
DA:160,1
DA:161,1
DA:162,1
DA:163,1
DA:164,1
DA:165,1
DA:166,1
DA:167,1
DA:168,1
DA:169,2
DA:170,2
DA:171,2
DA:172,2
DA:173,2
DA:174,2
DA:175,2
DA:176,2
DA:177,2
DA:178,2
DA:179,2
DA:180,2
DA:181,2
DA:182,2
DA:183,2
DA:184,2
DA:185,2
DA:186,2
DA:187,2
DA:188,2
DA:189,2
DA:190,2
DA:191,2
DA:192,2
DA:193,2
DA:194,2
DA:195,2
DA:196,2
DA:197,2
DA:198,2
DA:199,2
DA:200,2
DA:201,2
DA:202,2
DA:203,2
DA:204,2
DA:205,2
DA:206,2
DA:207,2
DA:208,2
DA:209,2
DA:210,2
DA:211,2
DA:212,2
DA:213,2
DA:214,1
DA:215,1
DA:216,1
DA:217,1
DA:218,1
DA:219,1
DA:220,1
DA:221,1
DA:222,1
DA:223,1
DA:224,1
DA:225,1
DA:226,1
DA:227,1
DA:228,1
DA:229,1
DA:230,1
DA:231,1
DA:232,1
DA:233,2
DA:234,2
DA:235,2
DA:236,2
DA:237,2
DA:238,2
DA:239,2
DA:240,1
DA:241,1
DA:242,1
DA:243,1
DA:244,1
DA:245,1
DA:246,1
DA:247,1
DA:248,1
DA:249,1
DA:250,1
DA:251,1
DA:252,1
DA:253,1
DA:254,1
DA:255,1
DA:256,1
DA:257,1
DA:258,1
DA:259,1
DA:260,1
DA:261,1
DA:262,1
DA:263,1
DA:264,1
DA:265,1
DA:266,1
DA:267,1
DA:268,1
DA:269,1
DA:270,1
DA:271,13
DA:272,1
DA:273,1
DA:274,13
DA:275,1
DA:276,1
DA:277,1
DA:278,2
DA:279,2
DA:280,2
DA:281,2
DA:282,2
DA:283,2
DA:284,2
DA:285,7
DA:286,7
DA:287,7
DA:288,0
DA:289,0
DA:290,7
DA:291,7
DA:292,7
DA:293,7
DA:294,1
DA:295,7
DA:296,7
DA:297,1
DA:298,7
DA:299,7
DA:300,7
DA:301,2
LF:301
LH:269
BRDA:22,0,0,1
BRDA:22,1,0,2
BRDA:66,2,0,1
BRDA:71,3,0,1
BRDA:71,4,0,1
BRDA:84,5,0,2
BRDA:90,6,0,2
BRDA:111,7,0,2
BRDA:122,8,0,2
BRDA:147,9,0,1
BRDA:157,10,0,1
BRDA:157,11,0,1
BRDA:180,12,0,2
BRDA:190,13,0,2
BRDA:213,14,0,1
BRDA:222,15,0,1
BRDA:222,16,0,1
BRDA:239,17,0,1
BRDA:268,18,0,1
BRDA:270,19,0,13
BRDA:271,20,0,1
BRDA:284,21,0,7
BRDA:287,22,0,0
BRDA:293,23,0,1
BRDA:296,24,0,1
BRF:25
BRH:24
end_of_record
TN:
SF:src\gb\objects\food.ts
FN:21,Food
FN:29,Object.<anonymous>.Food.postSingleFoodActivity
FN:48,Object.<anonymous>.Food.postMultipleFoodActivities
FN:70,Object.<anonymous>.Food.toPOSTData
FN:96,Object.<anonymous>.Food.toIDPOSTData
FN:120,Object.<anonymous>.Food.getAllFoodActivities
FN:145,Object.<anonymous>.Food.getFoodActivitiesBetweenUnix
FN:179,Object.<anonymous>.Food.getFoodActivitiesOnUnixDate
FN:207,Object.<anonymous>.Food.convertResponseToFoodModel
FN:246,Object.<anonymous>.Food.convertResponseToFoodModels
FNF:10
FNH:10
FNDA:2,Food
FNDA:1,Object.<anonymous>.Food.postSingleFoodActivity
FNDA:1,Object.<anonymous>.Food.postMultipleFoodActivities
FNDA:1,Object.<anonymous>.Food.toPOSTData
FNDA:2,Object.<anonymous>.Food.toIDPOSTData
FNDA:1,Object.<anonymous>.Food.getAllFoodActivities
FNDA:1,Object.<anonymous>.Food.getFoodActivitiesBetweenUnix
FNDA:1,Object.<anonymous>.Food.getFoodActivitiesOnUnixDate
FNDA:6,Object.<anonymous>.Food.convertResponseToFoodModel
FNDA:3,Object.<anonymous>.Food.convertResponseToFoodModels
DA:1,1
DA:2,1
DA:3,1
DA:4,1
DA:5,1
DA:6,1
DA:7,1
DA:8,1
DA:9,1
DA:10,1
DA:11,1
DA:12,1
DA:13,1
DA:14,1
DA:15,1
DA:16,1
DA:17,1
DA:18,1
DA:19,1
DA:20,1
DA:21,2
DA:22,2
DA:23,2
DA:24,2
DA:25,2
DA:26,2
DA:27,2
DA:28,2
DA:29,2
DA:30,1
DA:31,1
DA:32,1
DA:33,1
DA:34,1
DA:35,1
DA:36,1
DA:37,1
DA:38,1
DA:39,1
DA:40,2
DA:41,2
DA:42,2
DA:43,2
DA:44,2
DA:45,2
DA:46,2
DA:47,2
DA:48,2
DA:49,1
DA:50,1
DA:51,1
DA:52,1
DA:53,1
DA:54,1
DA:55,1
DA:56,1
DA:57,2
DA:58,1
DA:59,1
DA:60,1
DA:61,1
DA:62,1
DA:63,1
DA:64,2
DA:65,2
DA:66,2
DA:67,2
DA:68,2
DA:69,2
DA:70,2
DA:71,1
DA:72,1
DA:73,1
DA:74,1
DA:75,1
DA:76,1
DA:77,1
DA:78,1
DA:79,1
DA:80,12
DA:81,3
DA:82,3
DA:83,3
DA:84,3
DA:85,3
DA:86,12
DA:87,1
DA:88,1
DA:89,1
DA:90,2
DA:91,2
DA:92,2
DA:93,2
DA:94,2
DA:95,2
DA:96,2
DA:97,2
DA:98,2
DA:99,2
DA:100,2
DA:101,2
DA:102,2
DA:103,2
DA:104,2
DA:105,2
DA:106,24
DA:107,24
DA:108,24
DA:109,24
DA:110,2
DA:111,2
DA:112,2
DA:113,2
DA:114,2
DA:115,2
DA:116,2
DA:117,2
DA:118,2
DA:119,2
DA:120,2
DA:121,1
DA:122,1
DA:123,1
DA:124,1
DA:125,1
DA:126,1
DA:127,1
DA:128,1
DA:129,1
DA:130,1
DA:131,1
DA:132,1
DA:133,1
DA:134,2
DA:135,2
DA:136,2
DA:137,2
DA:138,2
DA:139,2
DA:140,2
DA:141,2
DA:142,2
DA:143,2
DA:144,2
DA:145,2
DA:146,1
DA:147,1
DA:148,1
DA:149,1
DA:150,1
DA:151,1
DA:152,1
DA:153,1
DA:154,1
DA:155,1
DA:156,1
DA:157,1
DA:158,1
DA:159,1
DA:160,1
DA:161,1
DA:162,1
DA:163,1
DA:164,1
DA:165,1
DA:166,1
DA:167,1
DA:168,1
DA:169,2
DA:170,2
DA:171,2
DA:172,2
DA:173,2
DA:174,2
DA:175,2
DA:176,2
DA:177,2
DA:178,2
DA:179,2
DA:180,1
DA:181,1
DA:182,1
DA:183,1
DA:184,1
DA:185,1
DA:186,1
DA:187,1
DA:188,1
DA:189,1
DA:190,1
DA:191,1
DA:192,1
DA:193,1
DA:194,1
DA:195,1
DA:196,1
DA:197,1
DA:198,1
DA:199,1
DA:200,1
DA:201,2
DA:202,2
DA:203,2
DA:204,2
DA:205,2
DA:206,2
DA:207,2
DA:208,6
DA:209,6
DA:210,6
DA:211,6
DA:212,6
DA:213,6
DA:214,6
DA:215,6
DA:216,6
DA:217,6
DA:218,6
DA:219,6
DA:220,6
DA:221,6
DA:222,6
DA:223,6
DA:224,6
DA:225,6
DA:226,6
DA:227,6
DA:228,6
DA:229,6
DA:230,6
DA:231,6
DA:232,18
DA:233,18
DA:234,18
DA:235,18
DA:236,18
DA:237,6
DA:238,6
DA:239,6
DA:240,2
DA:241,2
DA:242,2
DA:243,2
DA:244,2
DA:245,2
DA:246,2
DA:247,3
DA:248,0
DA:249,0
DA:250,3
DA:251,3
DA:252,3
DA:253,3
DA:254,6
DA:255,3
DA:256,3
DA:257,6
DA:258,3
DA:259,3
DA:260,3
DA:261,2
LF:261
LH:259
BRDA:21,0,0,1
BRDA:21,1,0,2
BRDA:29,2,0,1
BRDA:48,3,0,1
BRDA:56,4,0,2
BRDA:70,5,0,1
BRDA:79,6,0,12
BRDA:80,7,0,3
BRDA:96,8,0,2
BRDA:105,9,0,24
BRDA:120,10,0,1
BRDA:125,11,0,1
BRDA:145,12,0,1
BRDA:155,13,0,1
BRDA:179,14,0,1
BRDA:188,15,0,1
BRDA:207,16,0,6
BRDA:231,17,0,18
BRDA:235,18,0,0
BRDA:234,19,0,126
BRDA:246,20,0,3
BRDA:247,21,0,0
BRDA:253,22,0,6
BRDA:256,23,0,6
BRF:24
BRH:22
end_of_record
TN:
SF:src\gb\objects\gbObjects.ts
FN:25,GameBusObjects
FNF:1
FNH:1
FNDA:2,GameBusObjects
DA:1,1
DA:2,1
DA:3,1
DA:4,1
DA:5,1
DA:6,1
DA:7,1
DA:8,1
DA:9,1
DA:10,1
DA:11,1
DA:12,1
DA:13,1
DA:14,1
DA:15,1
DA:16,1
DA:17,1
DA:18,1
DA:19,1
DA:20,1
DA:21,1
DA:22,1
DA:23,1
DA:24,1
DA:25,1
DA:26,2
DA:27,2
DA:28,2
DA:29,2
DA:30,2
DA:31,2
DA:32,2
DA:33,2
DA:34,2
DA:35,2
DA:36,2
DA:37,2
DA:38,2
DA:39,2
DA:40,2
DA:41,2
DA:42,2
DA:43,2
DA:44,2
DA:45,2
DA:46,2
DA:47,1
LF:47
LH:47
BRDA:13,0,0,1
BRDA:25,1,0,2
BRF:2
BRH:2
end_of_record
TN:
SF:src\gb\objects\glucose.ts
FN:19,Glucose
FN:25,Object.<anonymous>.Glucose.getGlucoseActivities
FN:45,Object.<anonymous>.Glucose.postSingleGlucoseActivity
FN:62,Object.<anonymous>.Glucose.postMultipleGlucoseActivities
FN:82,Object.<anonymous>.Glucose.toPOSTData
FN:106,Object.<anonymous>.Glucose.toIDPOSTData
FN:133,Object.<anonymous>.Glucose.getGlucoseActivitiesBetweenUnix
FN:163,Object.<anonymous>.Glucose.convertGlucoseResponseToModel
FN:205,Object.<anonymous>.Glucose.convertResponseToGlucoseModels
FNF:9
FNH:9
FNDA:2,Glucose
FNDA:1,Object.<anonymous>.Glucose.getGlucoseActivities
FNDA:1,Object.<anonymous>.Glucose.postSingleGlucoseActivity
FNDA:1,Object.<anonymous>.Glucose.postMultipleGlucoseActivities
FNDA:1,Object.<anonymous>.Glucose.toPOSTData
FNDA:2,Object.<anonymous>.Glucose.toIDPOSTData
FNDA:1,Object.<anonymous>.Glucose.getGlucoseActivitiesBetweenUnix
FNDA:2,Object.<anonymous>.Glucose.convertGlucoseResponseToModel
FNDA:4,Object.<anonymous>.Glucose.convertResponseToGlucoseModels
DA:1,1
DA:2,1
DA:3,1
DA:4,1
DA:5,1
DA:6,1
DA:7,1
DA:8,1
DA:9,1
DA:10,1
DA:11,1
DA:12,1
DA:13,1
DA:14,1
DA:15,1
DA:16,1
DA:17,1
DA:18,1
DA:19,2
DA:20,2
DA:21,2
DA:22,2
DA:23,2
DA:24,2
DA:25,2
DA:26,1
DA:27,1
DA:28,1
DA:29,1
DA:30,1
DA:31,1
DA:32,1
DA:33,1
DA:34,1
DA:35,1
DA:36,1
DA:37,1
DA:38,1
DA:39,2
DA:40,2
DA:41,2
DA:42,2
DA:43,2
DA:44,2
DA:45,2
DA:46,1
DA:47,1
DA:48,1
DA:49,1
DA:50,1
DA:51,1
DA:52,1
DA:53,1
DA:54,1
DA:55,1
DA:56,2
DA:57,2
DA:58,2
DA:59,2
DA:60,2
DA:61,2
DA:62,2
DA:63,1
DA:64,1
DA:65,1
DA:66,1
DA:67,1
DA:68,1
DA:69,1
DA:70,1
DA:71,2
DA:72,1
DA:73,1
DA:74,1
DA:75,1
DA:76,1
DA:77,1
DA:78,2
DA:79,2
DA:80,2
DA:81,2
DA:82,2
DA:83,1
DA:84,1
DA:85,1
DA:86,1
DA:87,1
DA:88,1
DA:89,1
DA:90,1
DA:91,1
DA:92,2
DA:93,1
DA:94,1
DA:95,1
DA:96,1
DA:97,1
DA:98,2
DA:99,1
DA:100,1
DA:101,1
DA:102,2
DA:103,2
DA:104,2
DA:105,2
DA:106,2
DA:107,2
DA:108,2
DA:109,2
DA:110,2
DA:111,2
DA:112,2
DA:113,2
DA:114,2
DA:115,2
DA:116,2
DA:117,2
DA:118,2
DA:119,2
DA:120,2
DA:121,2
DA:122,2
DA:123,2
DA:124,2
DA:125,2
DA:126,2
DA:127,2
DA:128,2
DA:129,2
DA:130,2
DA:131,2
DA:132,2
DA:133,2
DA:134,1
DA:135,1
DA:136,1
DA:137,1
DA:138,1
DA:139,1
DA:140,1
DA:141,1
DA:142,1
DA:143,1
DA:144,1
DA:145,1
DA:146,1
DA:147,1
DA:148,1
DA:149,1
DA:150,1
DA:151,1
DA:152,1
DA:153,1
DA:154,1
DA:155,1
DA:156,1
DA:157,2
DA:158,2
DA:159,2
DA:160,2
DA:161,2
DA:162,2
DA:163,2
DA:164,2
DA:165,2
DA:166,2
DA:167,2
DA:168,2
DA:169,2
DA:170,2
DA:171,2
DA:172,2
DA:173,2
DA:174,2
DA:175,2
DA:176,2
DA:177,4
DA:178,4
DA:179,2
DA:180,2
DA:181,1
DA:182,1
DA:183,1
DA:184,1
DA:185,1
DA:186,1
DA:187,2
DA:188,1
DA:189,1
DA:190,1
DA:191,1
DA:192,1
DA:193,2
DA:194,2
DA:195,4
DA:196,2
DA:197,2
DA:198,2
DA:199,2
DA:200,2
DA:201,2
DA:202,2
DA:203,2
DA:204,2
DA:205,2
DA:206,4
DA:207,0
DA:208,0
DA:209,4
DA:210,4
DA:211,4
DA:212,4
DA:213,2
DA:214,4
DA:215,4
DA:216,2
DA:217,4
DA:218,4
DA:219,4
DA:220,2
LF:220
LH:218
BRDA:19,0,0,1
BRDA:19,1,0,2
BRDA:25,2,0,1
BRDA:30,3,0,1
BRDA:45,4,0,1
BRDA:62,5,0,1
BRDA:70,6,0,2
BRDA:82,7,0,1
BRDA:91,8,0,2
BRDA:92,9,0,1
BRDA:106,10,0,2
BRDA:133,11,0,1
BRDA:143,12,0,1
BRDA:163,13,0,2
BRDA:174,14,0,2
BRDA:176,15,0,4
BRDA:178,16,0,2
BRDA:180,17,0,1
BRDA:187,18,0,1
BRDA:205,19,0,4
BRDA:206,20,0,0
BRDA:212,21,0,2
BRDA:215,22,0,2
BRF:23
BRH:22
end_of_record
TN:
SF:src\gb\objects\index.ts
FN:2,get
FN:3,get
FN:4,get
FN:5,get
FN:11,GameBusObject
FNF:5
FNH:5
FNDA:2,get
FNDA:2,get
FNDA:2,get
FNDA:2,get
FNDA:12,GameBusObject
DA:1,1
DA:2,1
DA:3,1
DA:4,1
DA:5,1
DA:6,1
DA:7,1
DA:8,1
DA:9,1
DA:10,1
DA:11,1
DA:12,1
LF:12
LH:12
BRDA:2,0,0,2
BRDA:3,1,0,2
BRDA:4,2,0,2
BRDA:5,3,0,2
BRDA:10,4,0,1
BRDA:11,5,0,12
BRF:6
BRH:6
end_of_record
TN:
SF:src\gb\objects\insulin.ts
FN:18,Insulin
FN:26,Object.<anonymous>.Insulin.getInsulinActivities
FN:50,Object.<anonymous>.Insulin.getInsulinActivitiesBetweenUnix
FN:84,Object.<anonymous>.Insulin.getInsulinActivitiesOnUnixDate
FN:110,Object.<anonymous>.Insulin.convertInsulinResponseToModel
FN:158,Object.<anonymous>.Insulin.convertResponseToInsulinModels
FN:179,Object.<anonymous>.Insulin.postSingleInsulinActivity
FN:195,Object.<anonymous>.Insulin.postMultipleInsulinActivities
FN:217,Object.<anonymous>.Insulin.putSingleInsulinActivity
FN:241,Object.<anonymous>.Insulin.toPOSTData
FN:272,Object.<anonymous>.Insulin.toIDPOSTData
FNF:11
FNH:11
FNDA:2,Insulin
FNDA:1,Object.<anonymous>.Insulin.getInsulinActivities
FNDA:2,Object.<anonymous>.Insulin.getInsulinActivitiesBetweenUnix
FNDA:1,Object.<anonymous>.Insulin.getInsulinActivitiesOnUnixDate
FNDA:4,Object.<anonymous>.Insulin.convertInsulinResponseToModel
FNDA:2,Object.<anonymous>.Insulin.convertResponseToInsulinModels
FNDA:1,Object.<anonymous>.Insulin.postSingleInsulinActivity
FNDA:1,Object.<anonymous>.Insulin.postMultipleInsulinActivities
FNDA:2,Object.<anonymous>.Insulin.putSingleInsulinActivity
FNDA:1,Object.<anonymous>.Insulin.toPOSTData
FNDA:3,Object.<anonymous>.Insulin.toIDPOSTData
DA:1,1
DA:2,1
DA:3,1
DA:4,1
DA:5,1
DA:6,1
DA:7,1
DA:8,1
DA:9,1
DA:10,1
DA:11,1
DA:12,1
DA:13,1
DA:14,1
DA:15,1
DA:16,1
DA:17,1
DA:18,2
DA:19,2
DA:20,2
DA:21,2
DA:22,2
DA:23,2
DA:24,2
DA:25,2
DA:26,2
DA:27,1
DA:28,1
DA:29,1
DA:30,1
DA:31,1
DA:32,1
DA:33,1
DA:34,1
DA:35,1
DA:36,1
DA:37,1
DA:38,1
DA:39,2
DA:40,2
DA:41,2
DA:42,2
DA:43,2
DA:44,2
DA:45,2
DA:46,2
DA:47,2
DA:48,2
DA:49,2
DA:50,2
DA:51,2
DA:52,2
DA:53,2
DA:54,2
DA:55,2
DA:56,2
DA:57,2
DA:58,2
DA:59,2
DA:60,2
DA:61,2
DA:62,2
DA:63,2
DA:64,2
DA:65,2
DA:66,2
DA:67,2
DA:68,2
DA:69,2
DA:70,2
DA:71,2
DA:72,2
DA:73,2
DA:74,2
DA:75,2
DA:76,2
DA:77,2
DA:78,2
DA:79,2
DA:80,2
DA:81,2
DA:82,2
DA:83,2
DA:84,2
DA:85,1
DA:86,1
DA:87,1
DA:88,1
DA:89,1
DA:90,1
DA:91,1
DA:92,1
DA:93,1
DA:94,1
DA:95,1
DA:96,1
DA:97,1
DA:98,1
DA:99,1
DA:100,1
DA:101,1
DA:102,1
DA:103,1
DA:104,2
DA:105,2
DA:106,2
DA:107,2
DA:108,2
DA:109,2
DA:110,2
DA:111,4
DA:112,4
DA:113,2
DA:114,2
DA:115,2
DA:116,2
DA:117,2
DA:118,2
DA:119,2
DA:120,2
DA:121,2
DA:122,2
DA:123,2
DA:124,2
DA:125,2
DA:126,2
DA:127,6
DA:128,6
DA:129,12
DA:130,4
DA:131,4
DA:132,2
DA:133,2
DA:134,2
DA:135,2
DA:136,2
DA:137,4
DA:138,2
DA:139,2
DA:140,1
DA:141,1
DA:142,1
DA:143,1
DA:144,2
DA:145,2
DA:146,4
DA:147,4
DA:148,12
DA:149,2
DA:150,2
DA:151,2
DA:152,2
DA:153,2
DA:154,2
DA:155,2
DA:156,2
DA:157,2
DA:158,2
DA:159,2
DA:160,0
DA:161,0
DA:162,2
DA:163,2
DA:164,2
DA:165,2
DA:166,2
DA:167,2
DA:168,2
DA:169,2
DA:170,2
DA:171,2
DA:172,2
DA:173,2
DA:174,2
DA:175,2
DA:176,2
DA:177,2
DA:178,2
DA:179,2
DA:180,1
DA:181,1
DA:182,1
DA:183,1
DA:184,1
DA:185,1
DA:186,1
DA:187,1
DA:188,1
DA:189,2
DA:190,2
DA:191,2
DA:192,2
DA:193,2
DA:194,2
DA:195,2
DA:196,1
DA:197,1
DA:198,1
DA:199,1
DA:200,1
DA:201,1
DA:202,1
DA:203,1
DA:204,2
DA:205,1
DA:206,1
DA:207,1
DA:208,1
DA:209,1
DA:210,1
DA:211,2
DA:212,2
DA:213,2
DA:214,2
DA:215,2
DA:216,2
DA:217,2
DA:218,2
DA:219,2
DA:220,2
DA:221,2
DA:222,2
DA:223,2
DA:224,1
DA:225,1
DA:226,1
DA:227,1
DA:228,1
DA:229,1
DA:230,1
DA:231,1
DA:232,1
DA:233,1
DA:234,2
DA:235,2
DA:236,2
DA:237,2
DA:238,2
DA:239,2
DA:240,2
DA:241,2
DA:242,1
DA:243,1
DA:244,1
DA:245,1
DA:246,1
DA:247,1
DA:248,1
DA:249,1
DA:250,1
DA:251,2
DA:252,2
DA:253,1
DA:254,1
DA:255,1
DA:256,1
DA:257,1
DA:258,1
DA:259,1
DA:260,1
DA:261,1
DA:262,1
DA:263,2
DA:264,2
DA:265,1
DA:266,1
DA:267,1
DA:268,2
DA:269,2
DA:270,2
DA:271,2
DA:272,2
DA:273,3
DA:274,3
DA:275,3
DA:276,3
DA:277,3
DA:278,3
DA:279,3
DA:280,3
DA:281,3
DA:282,6
DA:283,6
DA:284,3
DA:285,3
DA:286,3
DA:287,3
DA:288,3
DA:289,3
DA:290,3
DA:291,6
DA:292,6
DA:293,3
DA:294,3
DA:295,2
LF:295
LH:293
BRDA:18,0,0,1
BRDA:18,1,0,2
BRDA:26,2,0,1
BRDA:32,3,0,1
BRDA:50,4,0,2
BRDA:60,5,0,2
BRDA:84,6,0,1
BRDA:93,7,0,1
BRDA:93,8,0,1
BRDA:110,9,0,4
BRDA:112,10,0,2
BRDA:126,11,0,6
BRDA:128,12,0,12
BRDA:129,13,0,4
BRDA:131,14,0,2
BRDA:137,15,0,2
BRDA:139,16,0,1
BRDA:158,17,0,2
BRDA:159,18,0,0
BRDA:165,19,0,2
BRDA:168,20,0,2
BRDA:179,21,0,1
BRDA:195,22,0,1
BRDA:203,23,0,2
BRDA:217,24,0,2
BRDA:223,25,0,1
BRDA:241,26,0,1
BRDA:250,27,0,2
BRDA:252,28,0,1
BRDA:255,29,0,0
BRDA:272,30,0,3
BRDA:281,31,0,6
BRDA:283,32,0,3
BRDA:286,33,0,1
BRDA:286,34,0,2
BRF:35
BRH:33
end_of_record
TN:
SF:src\gb\objects\mood.ts
FN:18,Mood
FN:29,Object.<anonymous>.Mood.convertResponseToMoodModels
FN:50,Object.<anonymous>.Mood.getAllMoodActivities
FN:69,Object.<anonymous>.Mood.convertMoodResponseToModel
FN:107,Object.<anonymous>.Mood.getMoodActivitiesOnUnixDate
FN:138,Object.<anonymous>.Mood.getMoodActivitiesBetweenUnix
FN:168,Object.<anonymous>.Mood.postSingleMoodActivity
FN:184,Object.<anonymous>.Mood.postMultipleMoodActivities
FN:206,Object.<anonymous>.Mood.putSingleMoodActivity
FN:230,Object.<anonymous>.Mood.toPOSTData
FN:254,Object.<anonymous>.Mood.toIDPOSTData
FNF:11
FNH:11
FNDA:2,Mood
FNDA:2,Object.<anonymous>.Mood.convertResponseToMoodModels
FNDA:1,Object.<anonymous>.Mood.getAllMoodActivities
FNDA:3,Object.<anonymous>.Mood.convertMoodResponseToModel
FNDA:1,Object.<anonymous>.Mood.getMoodActivitiesOnUnixDate
FNDA:2,Object.<anonymous>.Mood.getMoodActivitiesBetweenUnix
FNDA:1,Object.<anonymous>.Mood.postSingleMoodActivity
FNDA:1,Object.<anonymous>.Mood.postMultipleMoodActivities
FNDA:2,Object.<anonymous>.Mood.putSingleMoodActivity
FNDA:1,Object.<anonymous>.Mood.toPOSTData
FNDA:3,Object.<anonymous>.Mood.toIDPOSTData
DA:1,1
DA:2,1
DA:3,1
DA:4,1
DA:5,1
DA:6,1
DA:7,1
DA:8,1
DA:9,1
DA:10,1
DA:11,1
DA:12,1
DA:13,1
DA:14,1
DA:15,1
DA:16,1
DA:17,1
DA:18,2
DA:19,2
DA:20,2
DA:21,2
DA:22,2
DA:23,2
DA:24,2
DA:25,2
DA:26,2
DA:27,2
DA:28,2
DA:29,2
DA:30,2
DA:31,0
DA:32,0
DA:33,2
DA:34,2
DA:35,2
DA:36,2
DA:37,1
DA:38,2
DA:39,2
DA:40,1
DA:41,2
DA:42,2
DA:43,2
DA:44,2
DA:45,2
DA:46,2
DA:47,2
DA:48,2
DA:49,2
DA:50,2
DA:51,1
DA:52,1
DA:53,1
DA:54,1
DA:55,1
DA:56,1
DA:57,1
DA:58,1
DA:59,1
DA:60,1
DA:61,1
DA:62,1
DA:63,2
DA:64,2
DA:65,2
DA:66,2
DA:67,2
DA:68,2
DA:69,2
DA:70,3
DA:71,3
DA:72,2
DA:73,2
DA:74,1
DA:75,1
DA:76,1
DA:77,1
DA:78,1
DA:79,1
DA:80,1
DA:81,1
DA:82,1
DA:83,1
DA:84,1
DA:85,1
DA:86,1
DA:87,1
DA:88,2
DA:89,2
DA:90,4
DA:91,2
DA:92,2
DA:93,4
DA:94,1
DA:95,1
DA:96,1
DA:97,2
DA:98,2
DA:99,2
DA:100,2
DA:101,2
DA:102,2
DA:103,2
DA:104,2
DA:105,2
DA:106,2
DA:107,2
DA:108,1
DA:109,1
DA:110,1
DA:111,1
DA:112,1
DA:113,1
DA:114,1
DA:115,1
DA:116,1
DA:117,1
DA:118,1
DA:119,1
DA:120,1
DA:121,1
DA:122,1
DA:123,1
DA:124,1
DA:125,1
DA:126,1
DA:127,2
DA:128,2
DA:129,2
DA:130,2
DA:131,2
DA:132,2
DA:133,2
DA:134,2
DA:135,2
DA:136,2
DA:137,2
DA:138,2
DA:139,2
DA:140,2
DA:141,2
DA:142,2
DA:143,2
DA:144,2
DA:145,2
DA:146,2
DA:147,2
DA:148,2
DA:149,2
DA:150,2
DA:151,2
DA:152,2
DA:153,2
DA:154,2
DA:155,2
DA:156,2
DA:157,2
DA:158,2
DA:159,2
DA:160,2
DA:161,2
DA:162,2
DA:163,2
DA:164,2
DA:165,2
DA:166,2
DA:167,2
DA:168,2
DA:169,1
DA:170,1
DA:171,1
DA:172,1
DA:173,1
DA:174,1
DA:175,1
DA:176,1
DA:177,1
DA:178,2
DA:179,2
DA:180,2
DA:181,2
DA:182,2
DA:183,2
DA:184,2
DA:185,1
DA:186,1
DA:187,1
DA:188,1
DA:189,1
DA:190,1
DA:191,1
DA:192,1
DA:193,2
DA:194,1
DA:195,1
DA:196,1
DA:197,1
DA:198,1
DA:199,1
DA:200,2
DA:201,2
DA:202,2
DA:203,2
DA:204,2
DA:205,2
DA:206,2
DA:207,2
DA:208,2
DA:209,2
DA:210,2
DA:211,2
DA:212,2
DA:213,1
DA:214,1
DA:215,1
DA:216,1
DA:217,1
DA:218,1
DA:219,1
DA:220,1
DA:221,1
DA:222,1
DA:223,2
DA:224,2
DA:225,2
DA:226,2
DA:227,2
DA:228,2
DA:229,2
DA:230,2
DA:231,1
DA:232,1
DA:233,1
DA:234,1
DA:235,1
DA:236,1
DA:237,1
DA:238,1
DA:239,1
DA:240,2
DA:241,2
DA:242,2
DA:243,2
DA:244,2
DA:245,2
DA:246,2
DA:247,1
DA:248,1
DA:249,1
DA:250,2
DA:251,2
DA:252,2
DA:253,2
DA:254,2
DA:255,3
DA:256,3
DA:257,3
DA:258,3
DA:259,3
DA:260,3
DA:261,3
DA:262,3
DA:263,3
DA:264,6
DA:265,6
DA:266,6
DA:267,6
DA:268,3
DA:269,3
DA:270,2
LF:270
LH:268
BRDA:18,0,0,1
BRDA:18,1,0,2
BRDA:29,2,0,2
BRDA:30,3,0,0
BRDA:36,4,0,1
BRDA:39,5,0,1
BRDA:50,6,0,1
BRDA:56,7,0,1
BRDA:69,8,0,3
BRDA:71,9,0,2
BRDA:74,10,0,1
BRDA:87,11,0,2
BRDA:89,12,0,4
BRDA:90,13,0,2
BRDA:107,14,0,1
BRDA:116,15,0,1
BRDA:116,16,0,1
BRDA:138,17,0,2
BRDA:148,18,0,2
BRDA:168,19,0,1
BRDA:184,20,0,1
BRDA:192,21,0,2
BRDA:206,22,0,2
BRDA:212,23,0,1
BRDA:230,24,0,1
BRDA:239,25,0,2
BRDA:254,26,0,3
BRDA:263,27,0,6
BRF:28
BRH:27
end_of_record
TN:
SF:src\gb\objects\user.ts
FN:5,User
FN:11,Object.<anonymous>.User.getCurrentUser
FN:21,Object.<anonymous>.User.disconnectDataProvider
FN:40,Object.<anonymous>.User.connectDataProvider
FNF:4
FNH:4
FNDA:2,User
FNDA:2,Object.<anonymous>.User.getCurrentUser
FNDA:1,Object.<anonymous>.User.disconnectDataProvider
FNDA:1,Object.<anonymous>.User.connectDataProvider
DA:1,1
DA:2,1
DA:3,1
DA:4,1
DA:5,1
DA:6,1
DA:7,1
DA:8,1
DA:9,1
DA:10,1
DA:11,1
DA:12,2
DA:13,2
DA:14,2
DA:15,1
DA:16,1
DA:17,1
DA:18,1
DA:19,1
DA:20,1
DA:21,1
DA:22,1
DA:23,1
DA:24,1
DA:25,1
DA:26,1
DA:27,1
DA:28,1
DA:29,1
DA:30,1
DA:31,1
DA:32,1
DA:33,1
DA:34,1
DA:35,1
DA:36,1
DA:37,1
DA:38,1
DA:39,1
DA:40,1
DA:41,1
DA:42,1
DA:43,1
DA:44,1
DA:45,1
DA:46,1
DA:47,1
DA:48,1
DA:49,1
DA:50,1
DA:51,1
DA:52,1
DA:53,1
DA:54,1
LF:54
LH:54
BRDA:4,0,0,1
BRDA:5,1,0,2
BRDA:11,2,0,2
BRDA:12,3,0,2
BRDA:21,4,0,1
BRDA:27,5,0,1
BRDA:40,6,0,1
BRDA:46,7,0,1
BRF:8
BRH:8
end_of_record
TN:
SF:src\middlewares\checkJwt.ts
FNF:0
FNH:0
DA:1,1
DA:2,1
DA:3,1
DA:4,1
DA:5,1
DA:6,1
DA:7,1
DA:8,1
LF:8
LH:8
BRF:0
BRH:0
end_of_record
TN:
SF:src\nightscout\nsClient.ts
FN:15,NightScoutClient
FN:23,Object.<anonymous>.NightScoutClient.postEntry
FN:52,Object.<anonymous>.NightScoutClient.postTreatment
FN:82,Object.<anonymous>.NightScoutClient.getEntries
FN:101,Object.<anonymous>.NightScoutClient.getTreatments
FN:121,Object.<anonymous>.NightScoutClient.getGlucoseUnit
FN:139,Object.<anonymous>.NightScoutClient.getNightscoutHost
FN:147,Object.<anonymous>.NightScoutClient.getMaxRetrieved
FNF:8
FNH:8
FNDA:3,NightScoutClient
FNDA:1,Object.<anonymous>.NightScoutClient.postEntry
FNDA:1,Object.<anonymous>.NightScoutClient.postTreatment
FNDA:1,Object.<anonymous>.NightScoutClient.getEntries
FNDA:1,Object.<anonymous>.NightScoutClient.getTreatments
FNDA:1,Object.<anonymous>.NightScoutClient.getGlucoseUnit
FNDA:4,Object.<anonymous>.NightScoutClient.getNightscoutHost
FNDA:2,Object.<anonymous>.NightScoutClient.getMaxRetrieved
DA:1,1
DA:2,1
DA:3,1
DA:4,1
DA:5,1
DA:6,1
DA:7,1
DA:8,2
DA:9,2
DA:10,2
DA:11,2
DA:12,2
DA:13,2
DA:14,2
DA:15,2
DA:16,3
DA:17,3
DA:18,2
DA:19,2
DA:20,2
DA:21,2
DA:22,2
DA:23,2
DA:24,1
DA:25,1
DA:26,1
DA:27,1
DA:28,1
DA:29,1
DA:30,1
DA:31,1
DA:32,1
DA:33,1
DA:34,1
DA:35,1
DA:36,1
DA:37,1
DA:38,1
DA:39,1
DA:40,1
DA:41,1
DA:42,1
DA:43,1
DA:44,1
DA:45,1
DA:46,1
DA:47,2
DA:48,2
DA:49,2
DA:50,2
DA:51,2
DA:52,2
DA:53,1
DA:54,1
DA:55,1
DA:56,1
DA:57,1
DA:58,1
DA:59,1
DA:60,1
DA:61,1
DA:62,1
DA:63,1
DA:64,1
DA:65,1
DA:66,1
DA:67,1
DA:68,1
DA:69,1
DA:70,1
DA:71,1
DA:72,1
DA:73,1
DA:74,1
DA:75,1
DA:76,2
DA:77,2
DA:78,2
DA:79,2
DA:80,2
DA:81,2
DA:82,2
DA:83,1
DA:84,1
DA:85,1
DA:86,1
DA:87,1
DA:88,1
DA:89,1
DA:90,1
DA:91,1
DA:92,1
DA:93,1
DA:94,1
DA:95,1
DA:96,1
DA:97,2
DA:98,2
DA:99,2
DA:100,2
DA:101,2
DA:102,1
DA:103,1
DA:104,1
DA:105,1
DA:106,1
DA:107,1
DA:108,1
DA:109,1
DA:110,1
DA:111,1
DA:112,1
DA:113,1
DA:114,1
DA:115,1
DA:116,2
DA:117,2
DA:118,2
DA:119,2
DA:120,2
DA:121,2
DA:122,1
DA:123,1
DA:124,1
DA:125,1
DA:126,1
DA:127,1
DA:128,1
DA:129,1
DA:130,1
DA:131,1
DA:132,1
DA:133,1
DA:134,2
DA:135,2
DA:136,2
DA:137,2
DA:138,2
DA:139,2
DA:140,4
DA:141,4
DA:142,2
DA:143,2
DA:144,2
DA:145,2
DA:146,2
DA:147,2
DA:148,2
DA:149,2
DA:150,2
LF:150
LH:150
BRDA:8,0,0,2
BRDA:15,1,0,3
BRDA:23,2,0,1
BRDA:52,3,0,1
BRDA:82,4,0,1
BRDA:101,5,0,1
BRDA:121,6,0,1
BRDA:129,7,0,0
BRDA:129,8,0,0
BRDA:139,9,0,4
BRDA:147,10,0,2
BRF:11
BRH:9
end_of_record
TN:
SF:src\onedrive\odClient.ts
FN:18,OneDriveClient
FN:37,Object.<anonymous>.OneDriveClient.getRequestHeaders
FN:45,Object.<anonymous>.OneDriveClient.setPrintValues
FN:50,Object.<anonymous>.OneDriveClient.printBool
FN:61,Object.<anonymous>.OneDriveClient.getTableValues
FN:75,Object.<anonymous>.OneDriveClient.getTableDetailed
FN:100,Object.<anonymous>.OneDriveClient.getTableResult
FN:122,Object.<anonymous>.OneDriveClient.getTableList
FN:143,Object.<anonymous>.OneDriveClient.getTableListDetailed
FN:173,Object.<anonymous>.OneDriveClient.getRangeText
FN:184,Object.<anonymous>.OneDriveClient.getRangeValues
FN:196,Object.<anonymous>.OneDriveClient.getRangeResult
FN:226,Object.<anonymous>.OneDriveClient.getRangeDetailed
FN:257,Object.<anonymous>.OneDriveClient.getExcelSession
FN:289,Object.<anonymous>.OneDriveClient.getFile
FNF:15
FNH:15
FNDA:11,OneDriveClient
FNDA:5,Object.<anonymous>.OneDriveClient.getRequestHeaders
FNDA:3,Object.<anonymous>.OneDriveClient.setPrintValues
FNDA:51,Object.<anonymous>.OneDriveClient.printBool
FNDA:3,Object.<anonymous>.OneDriveClient.getTableValues
FNDA:2,Object.<anonymous>.OneDriveClient.getTableDetailed
FNDA:3,Object.<anonymous>.OneDriveClient.getTableResult
FNDA:1,Object.<anonymous>.OneDriveClient.getTableList
FNDA:1,Object.<anonymous>.OneDriveClient.getTableListDetailed
FNDA:1,Object.<anonymous>.OneDriveClient.getRangeText
FNDA:1,Object.<anonymous>.OneDriveClient.getRangeValues
FNDA:2,Object.<anonymous>.OneDriveClient.getRangeResult
FNDA:2,Object.<anonymous>.OneDriveClient.getRangeDetailed
FNDA:5,Object.<anonymous>.OneDriveClient.getExcelSession
FNDA:7,Object.<anonymous>.OneDriveClient.getFile
DA:1,1
DA:2,1
DA:3,1
DA:4,2
DA:5,2
DA:6,2
DA:7,2
DA:8,2
DA:9,2
DA:10,2
DA:11,2
DA:12,2
DA:13,2
DA:14,2
DA:15,2
DA:16,2
DA:17,2
DA:18,2
DA:19,11
DA:20,11
DA:21,11
DA:22,11
DA:23,11
DA:24,11
DA:25,11
DA:26,11
DA:27,11
DA:28,11
DA:29,11
DA:30,11
DA:31,11
DA:32,11
DA:33,11
DA:34,11
DA:35,11
DA:36,2
DA:37,2
DA:38,5
DA:39,5
DA:40,5
DA:41,5
DA:42,5
DA:43,5
DA:44,2
DA:45,2
DA:46,3
DA:47,3
DA:48,3
DA:49,2
DA:50,2
DA:51,51
DA:52,49
DA:53,49
DA:54,50
DA:55,1
DA:56,1
DA:57,1
DA:58,1
DA:59,51
DA:60,2
DA:61,2
DA:62,3
DA:63,3
DA:64,1
DA:65,1
DA:66,1
DA:67,1
DA:68,1
DA:69,3
DA:70,8
DA:71,8
DA:72,1
DA:73,3
DA:74,2
DA:75,2
DA:76,2
DA:77,2
DA:78,2
DA:79,2
DA:80,2
DA:81,2
DA:82,2
DA:83,2
DA:84,2
DA:85,2
DA:86,2
DA:87,2
DA:88,2
DA:89,2
DA:90,2
DA:91,2
DA:92,2
DA:93,2
DA:94,2
DA:95,2
DA:96,2
DA:97,2
DA:98,2
DA:99,2
DA:100,2
DA:101,3
DA:102,3
DA:103,3
DA:104,3
DA:105,3
DA:106,3
DA:107,3
DA:108,3
DA:109,3
DA:110,3
DA:111,3
DA:112,3
DA:113,3
DA:114,3
DA:115,3
DA:116,3
DA:117,3
DA:118,3
DA:119,3
DA:120,3
DA:121,2
DA:122,2
DA:123,1
DA:124,1
DA:125,1
DA:126,1
DA:127,1
DA:128,1
DA:129,1
DA:130,1
DA:131,1
DA:132,1
DA:133,1
DA:134,1
DA:135,1
DA:136,1
DA:137,1
DA:138,1
DA:139,1
DA:140,1
DA:141,1
DA:142,2
DA:143,2
DA:144,1
DA:145,1
DA:146,1
DA:147,1
DA:148,1
DA:149,1
DA:150,1
DA:151,1
DA:152,1
DA:153,1
DA:154,1
DA:155,1
DA:156,1
DA:157,1
DA:158,1
DA:159,1
DA:160,1
DA:161,1
DA:162,1
DA:163,1
DA:164,1
DA:165,2
DA:166,2
DA:167,2
DA:168,2
DA:169,2
DA:170,2
DA:171,2
DA:172,2
DA:173,2
DA:174,1
DA:175,1
DA:176,1
DA:177,2
DA:178,2
DA:179,2
DA:180,2
DA:181,2
DA:182,2
DA:183,2
DA:184,2
DA:185,1
DA:186,1
DA:187,1
DA:188,2
DA:189,2
DA:190,2
DA:191,2
DA:192,2
DA:193,2
DA:194,2
DA:195,2
DA:196,2
DA:197,2
DA:198,2
DA:199,2
DA:200,2
DA:201,2
DA:202,2
DA:203,2
DA:204,2
DA:205,2
DA:206,2
DA:207,2
DA:208,2
DA:209,2
DA:210,2
DA:211,2
DA:212,2
DA:213,2
DA:214,2
DA:215,2
DA:216,2
DA:217,2
DA:218,2
DA:219,2
DA:220,2
DA:221,2
DA:222,2
DA:223,2
DA:224,2
DA:225,2
DA:226,2
DA:227,2
DA:228,2
DA:229,2
DA:230,2
DA:231,2
DA:232,2
DA:233,2
DA:234,2
DA:235,2
DA:236,2
DA:237,2
DA:238,2
DA:239,2
DA:240,2
DA:241,2
DA:242,2
DA:243,2
DA:244,2
DA:245,2
DA:246,2
DA:247,2
DA:248,2
DA:249,2
DA:250,2
DA:251,2
DA:252,2
DA:253,2
DA:254,2
DA:255,2
DA:256,2
DA:257,2
DA:258,5
DA:259,5
DA:260,5
DA:261,5
DA:262,5
DA:263,5
DA:264,5
DA:265,5
DA:266,5
DA:267,5
DA:268,5
DA:269,5
DA:270,5
DA:271,5
DA:272,5
DA:273,5
DA:274,5
DA:275,5
DA:276,5
DA:277,5
DA:278,2
DA:279,2
DA:280,2
DA:281,2
DA:282,2
DA:283,2
DA:284,2
DA:285,2
DA:286,2
DA:287,2
DA:288,2
DA:289,2
DA:290,7
DA:291,7
DA:292,7
DA:293,7
DA:294,7
DA:295,7
DA:296,7
DA:297,2
DA:298,7
DA:299,5
DA:300,5
DA:301,7
DA:302,7
DA:303,7
DA:304,7
DA:305,7
DA:306,7
DA:307,7
DA:308,7
DA:309,7
DA:310,7
DA:311,7
DA:312,7
DA:313,7
DA:314,7
DA:315,7
DA:316,2
DA:317,2
DA:318,2
DA:319,2
DA:320,2
DA:321,2
DA:322,2
DA:323,2
DA:324,2
DA:325,2
DA:326,2
DA:327,2
DA:328,2
DA:329,2
DA:330,2
DA:331,2
DA:332,2
DA:333,2
DA:334,2
DA:335,2
DA:336,2
DA:337,2
DA:338,2
DA:339,2
DA:340,2
LF:340
LH:340
BRDA:4,0,0,2
BRDA:18,1,0,11
BRDA:30,2,0,9
BRDA:30,3,0,2
BRDA:31,4,0,10
BRDA:31,5,0,1
BRDA:32,6,0,9
BRDA:32,7,0,2
BRDA:33,8,0,0
BRDA:34,9,0,0
BRDA:37,10,0,5
BRDA:45,11,0,3
BRDA:47,12,0,0
BRDA:50,13,0,51
BRDA:51,14,0,49
BRDA:54,15,0,50
BRDA:54,16,0,2
BRDA:54,17,0,1
BRDA:61,18,0,3
BRDA:62,19,0,3
BRDA:63,20,0,1
BRDA:69,21,0,0
BRDA:69,22,0,1
BRDA:69,23,0,8
BRDA:72,24,0,1
BRDA:75,25,0,2
BRDA:100,26,0,3
BRDA:122,27,0,1
BRDA:140,28,0,0
BRDA:143,29,0,1
BRDA:173,30,0,1
BRDA:174,31,0,1
BRDA:184,32,0,1
BRDA:185,33,0,1
BRDA:196,34,0,2
BRDA:226,35,0,2
BRDA:257,36,0,5
BRDA:289,37,0,7
BRDA:296,38,0,2
BRDA:298,39,0,5
BRDA:313,40,0,13
BRF:41
BRH:36
end_of_record
TN:
SF:src\routes\activity.ts
FNF:0
FNH:0
DA:1,1
DA:2,1
DA:3,1
DA:4,1
DA:5,1
DA:6,1
DA:7,1
DA:8,1
DA:9,1
DA:10,1
DA:11,1
DA:12,1
DA:13,1
DA:14,1
DA:15,1
DA:16,1
DA:17,1
DA:18,1
DA:19,1
DA:20,1
DA:21,1
DA:22,1
DA:23,1
DA:24,1
DA:25,1
DA:26,0
DA:27,0
DA:28,0
DA:29,0
DA:30,0
DA:31,1
DA:32,1
DA:33,1
DA:34,1
DA:35,1
DA:36,1
LF:36
LH:31
BRDA:9,0,0,1
BRDA:9,1,0,1
BRDA:25,2,0,0
BRF:3
BRH:2
end_of_record
TN:
SF:src\routes\auth.ts
FNF:0
FNH:0
DA:1,1
DA:2,1
DA:3,1
DA:4,1
DA:5,1
DA:6,1
DA:7,1
DA:8,1
DA:9,1
DA:10,1
DA:11,1
DA:12,1
DA:13,1
DA:14,2
DA:15,2
DA:16,2
DA:17,2
DA:18,0
DA:19,0
DA:20,2
DA:21,2
DA:22,2
DA:23,2
DA:24,2
DA:25,2
DA:26,0
DA:27,0
DA:28,0
DA:29,0
DA:30,0
DA:31,0
DA:32,0
DA:33,0
DA:34,2
DA:35,2
DA:36,2
DA:37,2
DA:38,1
DA:39,1
DA:40,1
DA:41,1
DA:42,1
DA:43,1
DA:44,1
DA:45,1
DA:46,1
DA:47,1
DA:48,2
DA:49,2
DA:50,2
DA:51,2
DA:52,2
DA:53,2
DA:54,1
DA:55,1
DA:56,1
DA:57,0
DA:58,1
DA:59,1
DA:60,1
DA:61,1
DA:62,1
DA:63,1
DA:64,1
DA:65,1
DA:66,1
LF:66
LH:55
BRDA:13,0,0,2
BRDA:13,1,0,2
BRDA:17,2,0,0
BRDA:25,3,0,0
BRDA:47,4,0,2
BRDA:53,5,0,1
BRDA:53,6,0,1
BRDA:53,7,0,1
BRDA:56,8,0,0
BRF:9
BRH:6
end_of_record
TN:
SF:src\routes\data.ts
FNF:0
FNH:0
DA:1,1
DA:2,1
DA:3,1
DA:4,1
DA:5,1
DA:6,1
DA:7,1
DA:8,1
DA:9,1
DA:10,1
DA:11,1
DA:12,1
DA:13,1
DA:14,1
DA:15,1
DA:16,1
DA:17,1
DA:18,1
DA:19,1
DA:20,1
DA:21,1
DA:22,1
DA:23,1
DA:24,1
DA:25,1
DA:26,1
DA:27,1
DA:28,1
DA:29,1
DA:30,1
DA:31,1
DA:32,1
DA:33,1
DA:34,1
DA:35,1
DA:36,1
DA:37,1
DA:38,1
DA:39,1
DA:40,1
DA:41,1
DA:42,1
DA:43,1
DA:44,1
DA:45,1
DA:46,1
DA:47,1
DA:48,1
DA:49,1
DA:50,1
DA:51,1
DA:52,1
DA:53,1
DA:54,1
DA:55,1
DA:56,1
DA:57,1
DA:58,1
DA:59,1
DA:60,1
DA:61,1
DA:62,1
DA:63,1
DA:64,1
DA:65,1
DA:66,1
DA:67,1
DA:68,1
DA:69,1
DA:70,1
DA:71,1
DA:72,1
LF:72
LH:72
BRDA:11,0,0,1
BRDA:11,1,0,1
BRDA:20,2,0,0
BRF:3
BRH:2
end_of_record
TN:
SF:src\routes\index.ts
FNF:0
FNH:0
DA:1,1
DA:2,1
DA:3,1
DA:4,1
DA:5,1
DA:6,1
DA:7,1
DA:8,1
DA:9,1
DA:10,1
DA:11,1
DA:12,1
DA:13,1
DA:14,1
DA:15,1
DA:16,1
DA:17,1
DA:18,1
DA:19,1
DA:20,1
DA:21,1
DA:22,1
DA:23,1
DA:24,1
DA:25,1
DA:26,1
DA:27,1
DA:28,1
DA:29,1
LF:29
LH:29
BRF:0
BRH:0
end_of_record
TN:
SF:src\routes\insulin.ts
FNF:0
FNH:0
DA:1,1
DA:2,1
DA:3,1
DA:4,1
DA:5,1
DA:6,1
DA:7,1
DA:8,1
DA:9,1
DA:10,1
DA:11,1
DA:12,1
DA:13,2
DA:14,2
DA:15,2
DA:16,2
DA:17,2
DA:18,2
DA:19,2
DA:20,2
DA:21,2
DA:22,2
DA:23,2
DA:24,0
DA:25,0
DA:26,0
DA:27,0
DA:28,0
DA:29,0
DA:30,0
DA:31,0
DA:32,0
DA:33,0
DA:34,0
DA:35,0
DA:36,0
DA:37,0
DA:38,0
DA:39,0
DA:40,0
DA:41,0
DA:42,0
DA:43,0
DA:44,0
DA:45,2
DA:46,2
DA:47,2
DA:48,2
DA:49,2
DA:50,2
DA:51,2
DA:52,2
DA:53,2
DA:54,2
DA:55,2
DA:56,2
DA:57,2
DA:58,2
DA:59,2
DA:60,2
DA:61,2
DA:62,2
DA:63,2
DA:64,2
DA:65,2
DA:66,2
DA:67,2
DA:68,2
DA:69,2
DA:70,2
DA:71,2
DA:72,2
DA:73,2
DA:74,2
DA:75,2
DA:76,2
DA:77,2
DA:78,2
DA:79,2
DA:80,2
DA:81,2
DA:82,2
DA:83,2
DA:84,2
DA:85,2
DA:86,2
DA:87,2
DA:88,2
DA:89,2
DA:90,2
DA:91,2
DA:92,2
DA:93,1
DA:94,1
DA:95,1
LF:95
LH:74
BRDA:12,0,0,2
BRDA:12,1,0,2
BRDA:18,2,0,0
BRDA:18,3,0,0
BRDA:18,4,0,0
BRDA:24,5,0,0
BRF:6
BRH:2
end_of_record
TN:
SF:src\routes\mood.ts
FNF:0
FNH:0
DA:1,1
DA:2,1
DA:3,1
DA:4,1
DA:5,1
DA:6,1
DA:7,1
DA:8,1
DA:9,1
DA:10,1
DA:11,1
DA:12,1
DA:13,2
DA:14,2
DA:15,2
DA:16,2
DA:17,2
DA:18,2
DA:19,2
DA:20,2
DA:21,2
DA:22,2
DA:23,2
DA:24,0
DA:25,2
DA:26,2
DA:27,2
DA:28,2
DA:29,2
DA:30,2
DA:31,2
DA:32,0
DA:33,0
DA:34,0
DA:35,0
DA:36,0
DA:37,0
DA:38,0
DA:39,0
DA:40,0
DA:41,0
DA:42,0
DA:43,0
DA:44,0
DA:45,0
DA:46,0
DA:47,0
DA:48,0
DA:49,0
DA:50,0
DA:51,0
DA:52,0
DA:53,2
DA:54,2
DA:55,2
DA:56,2
DA:57,2
DA:58,2
DA:59,2
DA:60,2
DA:61,2
DA:62,2
DA:63,2
DA:64,2
DA:65,2
DA:66,2
DA:67,2
DA:68,2
DA:69,2
DA:70,2
DA:71,2
DA:72,2
DA:73,2
DA:74,2
DA:75,2
DA:76,2
DA:77,2
DA:78,2
DA:79,2
DA:80,2
DA:81,2
DA:82,2
DA:83,2
DA:84,2
DA:85,2
DA:86,2
DA:87,2
DA:88,2
DA:89,2
DA:90,2
DA:91,2
DA:92,2
DA:93,2
DA:94,2
DA:95,2
DA:96,2
DA:97,2
DA:98,2
DA:99,1
DA:100,1
DA:101,1
LF:101
LH:79
BRDA:12,0,0,2
BRDA:12,1,0,2
BRDA:19,2,0,0
BRDA:20,3,0,0
BRDA:21,4,0,0
BRDA:22,5,0,0
BRDA:23,6,0,0
BRDA:32,7,0,0
BRF:8
BRH:2
end_of_record
TN:
SF:src\routes\nightscout.ts
FNF:0
FNH:0
DA:1,1
DA:2,1
DA:3,1
DA:4,1
DA:5,1
DA:6,1
DA:7,1
DA:8,1
DA:9,1
DA:10,1
DA:11,1
DA:12,1
DA:13,1
DA:14,1
DA:15,1
DA:16,1
DA:17,1
DA:18,1
DA:19,1
DA:20,1
DA:21,1
DA:22,1
DA:23,1
DA:24,1
DA:25,1
DA:26,1
DA:27,1
DA:28,1
DA:29,1
DA:30,1
DA:31,1
DA:32,1
DA:33,1
DA:34,1
DA:35,1
DA:36,1
DA:37,1
DA:38,1
DA:39,1
DA:40,1
DA:41,1
DA:42,1
DA:43,1
DA:44,1
DA:45,1
DA:46,1
DA:47,1
DA:48,1
DA:49,1
DA:50,1
DA:51,1
DA:52,1
DA:53,1
DA:54,1
DA:55,1
DA:56,1
DA:57,1
DA:58,1
DA:59,1
DA:60,1
DA:61,1
DA:62,1
DA:63,1
DA:64,1
DA:65,1
LF:65
LH:65
BRDA:16,0,0,1
BRDA:16,1,0,1
BRF:2
BRH:2
end_of_record
TN:
SF:src\routes\onedrive.ts
FNF:0
FNH:0
DA:1,1
DA:2,1
DA:3,1
DA:4,1
DA:5,1
DA:6,1
DA:7,1
DA:8,1
DA:9,1
DA:10,1
DA:11,1
DA:12,1
DA:13,1
DA:14,1
DA:15,1
DA:16,1
DA:17,1
DA:18,1
DA:19,1
DA:20,1
DA:21,1
DA:22,1
DA:23,1
DA:24,1
DA:25,1
DA:26,1
DA:27,1
DA:28,1
DA:29,1
DA:30,1
DA:31,1
DA:32,1
DA:33,1
DA:34,1
DA:35,1
DA:36,1
DA:37,1
DA:38,1
DA:39,1
DA:40,1
DA:41,1
DA:42,1
DA:43,1
DA:44,1
DA:45,1
DA:46,1
DA:47,1
DA:48,1
DA:49,1
DA:50,1
DA:51,1
DA:52,1
DA:53,1
DA:54,1
DA:55,1
DA:56,1
DA:57,1
DA:58,1
DA:59,1
DA:60,1
DA:61,1
DA:62,1
DA:63,1
DA:64,1
DA:65,1
DA:66,1
DA:67,1
DA:68,1
DA:69,1
DA:70,1
DA:71,1
DA:72,1
DA:73,1
DA:74,1
DA:75,1
DA:76,0
DA:77,1
DA:78,1
DA:79,1
DA:80,1
DA:81,1
DA:82,1
DA:83,1
DA:84,1
DA:85,0
DA:86,1
DA:87,1
DA:88,1
DA:89,1
DA:90,1
DA:91,1
DA:92,1
DA:93,1
DA:94,1
DA:95,1
DA:96,1
DA:97,1
DA:98,0
DA:99,1
DA:100,1
DA:101,1
DA:102,1
DA:103,1
DA:104,1
DA:105,1
DA:106,1
DA:107,1
DA:108,1
DA:109,1
DA:110,1
DA:111,1
DA:112,1
DA:113,1
DA:114,1
DA:115,1
DA:116,0
DA:117,0
DA:118,1
DA:119,1
DA:120,1
DA:121,1
DA:122,1
DA:123,1
LF:123
LH:118
BRDA:19,0,0,1
BRDA:19,1,0,1
BRDA:20,2,0,0
BRDA:73,3,0,1
BRDA:73,4,0,1
BRDA:75,5,0,0
BRDA:83,6,0,1
BRDA:84,7,0,0
BRDA:96,8,0,1
BRDA:96,9,0,1
BRDA:97,10,0,0
BRDA:113,11,0,1
BRDA:113,12,0,1
BRDA:115,13,0,0
BRDA:115,14,0,0
BRDA:115,15,0,0
BRF:16
BRH:9
end_of_record
TN:
SF:src\routes\profile.ts
FNF:0
FNH:0
DA:1,1
DA:2,1
DA:3,1
DA:4,1
DA:5,1
DA:6,1
DA:7,1
DA:8,1
DA:9,1
DA:10,1
DA:11,1
DA:12,1
DA:13,1
DA:14,1
DA:15,1
DA:16,1
DA:17,1
DA:18,1
DA:19,1
DA:20,1
DA:21,1
DA:22,1
DA:23,1
DA:24,1
DA:25,1
DA:26,1
DA:27,1
DA:28,1
DA:29,1
DA:30,1
DA:31,1
DA:32,1
DA:33,1
DA:34,1
DA:35,1
DA:36,1
DA:37,1
DA:38,1
DA:39,1
DA:40,1
DA:41,1
DA:42,1
DA:43,1
DA:44,1
DA:45,1
DA:46,1
DA:47,1
DA:48,1
DA:49,2
DA:50,2
DA:51,2
DA:52,0
DA:53,0
DA:54,2
DA:55,0
DA:56,2
DA:57,0
DA:58,0
DA:59,0
DA:60,0
DA:61,0
DA:62,0
DA:63,0
DA:64,0
DA:65,0
DA:66,0
DA:67,0
DA:68,0
DA:69,0
DA:70,0
DA:71,0
DA:72,0
DA:73,2
DA:74,2
DA:75,2
DA:76,2
DA:77,2
DA:78,2
DA:79,2
DA:80,2
DA:81,2
DA:82,2
DA:83,2
DA:84,2
DA:85,2
DA:86,2
DA:87,2
DA:88,2
DA:89,2
DA:90,2
DA:91,2
DA:92,2
DA:93,1
DA:94,1
DA:95,1
DA:96,1
DA:97,1
DA:98,1
DA:99,1
DA:100,1
DA:101,1
DA:102,1
DA:103,1
DA:104,1
DA:105,1
DA:106,1
DA:107,1
DA:108,1
DA:109,1
DA:110,1
DA:111,1
DA:112,1
DA:113,1
DA:114,1
DA:115,1
DA:116,1
DA:117,1
LF:117
LH:98
BRDA:14,0,0,1
BRDA:14,1,0,1
BRDA:48,2,0,2
BRDA:48,3,0,2
BRDA:49,4,0,0
BRDA:49,5,0,0
BRDA:52,6,0,0
BRDA:54,7,0,0
BRDA:56,8,0,0
BRDA:74,9,0,0
BRDA:75,10,0,0
BRF:11
BRH:4
end_of_record
TN:
SF:src\routes\supervisor.ts
FNF:0
FNH:0
DA:1,1
DA:2,1
DA:3,1
DA:4,1
DA:5,1
DA:6,1
DA:7,1
DA:8,1
DA:9,1
DA:10,1
DA:11,1
DA:12,1
DA:13,1
DA:14,1
DA:15,1
DA:16,1
DA:17,1
DA:18,1
DA:19,1
DA:20,1
DA:21,1
DA:22,1
DA:23,1
DA:24,1
DA:25,1
DA:26,0
DA:27,0
DA:28,0
DA:29,0
DA:30,0
DA:31,0
DA:32,0
DA:33,0
DA:34,0
DA:35,0
DA:36,0
DA:37,1
DA:38,1
DA:39,1
DA:40,1
DA:41,1
DA:42,1
DA:43,1
DA:44,1
DA:45,1
DA:46,3
DA:47,1
DA:48,1
DA:49,1
DA:50,1
DA:51,2
DA:52,2
DA:53,2
DA:54,3
DA:55,1
DA:56,1
DA:57,1
DA:58,1
DA:59,2
DA:60,2
DA:61,3
DA:62,0
DA:63,0
DA:64,0
DA:65,0
DA:66,0
DA:67,0
DA:68,1
DA:69,1
DA:70,1
DA:71,1
DA:72,1
DA:73,1
DA:74,1
DA:75,1
DA:76,1
DA:77,2
DA:78,1
DA:79,1
DA:80,1
DA:81,1
DA:82,1
DA:83,1
DA:84,1
DA:85,1
DA:86,1
DA:87,1
DA:88,1
DA:89,1
DA:90,2
DA:91,1
DA:92,1
DA:93,1
DA:94,1
DA:95,1
DA:96,1
DA:97,1
DA:98,1
DA:99,1
DA:100,1
DA:101,1
DA:102,1
DA:103,2
DA:104,1
DA:105,1
DA:106,1
DA:107,1
DA:108,1
DA:109,1
DA:110,1
DA:111,1
DA:112,1
DA:113,1
DA:114,1
DA:115,1
DA:116,1
DA:117,2
DA:118,1
DA:119,1
DA:120,1
DA:121,1
DA:122,1
DA:123,1
DA:124,1
DA:125,1
DA:126,1
DA:127,1
DA:128,1
DA:129,1
DA:130,1
DA:131,1
DA:132,2
DA:133,1
DA:134,1
DA:135,1
DA:136,1
DA:137,1
DA:138,1
DA:139,1
DA:140,1
DA:141,1
DA:142,0
DA:143,0
DA:144,0
DA:145,1
DA:146,1
DA:147,1
DA:148,1
DA:149,1
DA:150,1
DA:151,1
DA:152,1
DA:153,2
DA:154,1
DA:155,1
DA:156,1
DA:157,1
DA:158,1
DA:159,1
DA:160,1
DA:161,1
LF:161
LH:141
BRDA:20,0,0,1
BRDA:21,1,0,0
BRDA:26,2,0,0
BRDA:45,3,0,3
BRDA:46,4,0,2
BRDA:46,5,0,1
BRDA:51,6,0,2
BRDA:54,7,0,1
BRDA:59,8,0,2
BRDA:61,9,0,0
BRDA:76,10,0,2
BRDA:77,11,0,1
BRDA:77,12,0,1
BRDA:89,13,0,2
BRDA:90,14,0,1
BRDA:102,15,0,2
BRDA:103,16,0,1
BRDA:116,17,0,2
BRDA:117,18,0,1
BRDA:131,19,0,2
BRDA:132,20,0,1
BRDA:132,21,0,1
BRDA:142,22,0,0
BRDA:152,23,0,2
BRDA:153,24,0,1
BRF:25
BRH:21
end_of_record
TN:
SF:src\routes\upload.ts
FN:80,uploadFile
FNF:1
FNH:1
FNDA:3,uploadFile
DA:1,1
DA:2,1
DA:3,1
DA:4,1
DA:5,1
DA:6,1
DA:7,1
DA:8,1
DA:9,1
DA:10,1
DA:11,1
DA:12,1
DA:13,1
DA:14,1
DA:15,1
DA:16,1
DA:17,1
DA:18,1
DA:19,1
DA:20,1
DA:21,1
DA:22,1
DA:23,1
DA:24,5
DA:25,1
DA:26,1
DA:27,1
DA:28,1
DA:29,0
DA:30,0
DA:31,1
DA:32,1
DA:33,4
DA:34,4
DA:35,4
DA:36,4
DA:37,4
DA:38,4
DA:39,4
DA:40,4
DA:41,4
DA:42,4
DA:43,4
DA:44,4
DA:45,5
DA:46,0
DA:47,0
DA:48,5
DA:49,1
DA:50,1
DA:51,5
DA:52,2
DA:53,2
DA:54,5
DA:55,1
DA:56,1
DA:57,1
DA:58,1
DA:59,0
DA:60,0
DA:61,1
DA:62,5
DA:63,3
DA:64,3
DA:65,3
DA:66,3
DA:67,3
DA:68,0
DA:69,0
DA:70,3
DA:71,1
DA:72,1
DA:73,1
DA:74,1
DA:75,1
DA:76,1
DA:77,1
DA:78,1
DA:79,1
DA:80,3
DA:81,3
DA:82,3
DA:83,3
DA:84,3
DA:85,3
DA:86,0
DA:87,0
DA:88,0
DA:89,0
DA:90,0
DA:91,0
DA:92,0
DA:93,0
DA:94,0
DA:95,3
DA:96,3
DA:97,3
DA:98,3
DA:99,3
DA:100,3
DA:101,0
DA:102,0
DA:103,0
DA:104,0
DA:105,0
DA:106,0
DA:107,3
DA:108,3
DA:109,3
DA:110,3
DA:111,3
DA:112,3
DA:113,3
DA:114,0
DA:115,0
DA:116,0
DA:117,3
DA:118,3
DA:119,3
DA:120,3
DA:121,3
DA:122,3
DA:123,3
DA:124,3
DA:125,3
DA:126,3
DA:127,3
DA:128,3
DA:129,3
DA:130,3
DA:131,1
DA:132,1
LF:132
LH:106
BRDA:23,0,0,5
BRDA:24,1,0,1
BRDA:28,2,0,0
BRDA:33,3,0,4
BRDA:45,4,0,0
BRDA:48,5,0,1
BRDA:51,6,0,2
BRDA:54,7,0,1
BRDA:58,8,0,0
BRDA:63,9,0,3
BRDA:64,10,0,3
BRDA:67,11,0,0
BRDA:80,12,0,3
BRDA:85,13,0,0
BRDA:100,14,0,0
BRDA:113,15,0,0
BRF:16
BRH:9
end_of_record
TN:
SF:src\services\dataEndpoint.ts
FN:27,DataEndpoint
FN:41,Object.<anonymous>.DataEndpoint.retrieveData
FN:76,Object.<anonymous>.DataEndpoint.unionData
FN:110,Object.<anonymous>.DataEndpoint.addValues
FN:148,Object.<anonymous>.DataEndpoint.retrieveExerciseData
FN:170,Object.<anonymous>.DataEndpoint.retrieveExercisePages
FN:200,Object.<anonymous>.DataEndpoint.retrieveGlucoseData
FN:226,Object.<anonymous>.DataEndpoint.retrieveInsulinData
FN:252,Object.<anonymous>.DataEndpoint.retrieveMoodData
FN:276,Object.<anonymous>.DataEndpoint.retrieveFoodData
FN:330,parseDataTypes
FN:346,parseExerciseTypes
FNF:12
FNH:12
FNDA:8,DataEndpoint
FNDA:8,Object.<anonymous>.DataEndpoint.retrieveData
FNDA:2,Object.<anonymous>.DataEndpoint.unionData
FNDA:10,Object.<anonymous>.DataEndpoint.addValues
FNDA:3,Object.<anonymous>.DataEndpoint.retrieveExerciseData
FNDA:3,Object.<anonymous>.DataEndpoint.retrieveExercisePages
FNDA:2,Object.<anonymous>.DataEndpoint.retrieveGlucoseData
FNDA:2,Object.<anonymous>.DataEndpoint.retrieveInsulinData
FNDA:2,Object.<anonymous>.DataEndpoint.retrieveMoodData
FNDA:2,Object.<anonymous>.DataEndpoint.retrieveFoodData
FNDA:14,parseDataTypes
FNDA:6,parseExerciseTypes
DA:1,1
DA:2,1
DA:3,1
DA:4,1
DA:5,1
DA:6,1
DA:7,1
DA:8,1
DA:9,1
DA:10,1
DA:11,2
DA:12,2
DA:13,2
DA:14,2
DA:15,2
DA:16,2
DA:17,2
DA:18,2
DA:19,2
DA:20,2
DA:21,2
DA:22,2
DA:23,2
DA:24,2
DA:25,2
DA:26,2
DA:27,2
DA:28,8
DA:29,8
DA:30,8
DA:31,8
DA:32,8
DA:33,8
DA:34,8
DA:35,2
DA:36,2
DA:37,2
DA:38,2
DA:39,2
DA:40,2
DA:41,2
DA:42,8
DA:43,8
DA:44,8
DA:45,8
DA:46,11
DA:47,3
DA:48,11
DA:49,2
DA:50,8
DA:51,2
DA:52,6
DA:53,2
DA:54,2
DA:55,2
DA:56,2
DA:57,11
DA:58,8
DA:59,8
DA:60,8
DA:61,11
DA:62,11
DA:63,11
DA:64,8
DA:65,8
DA:66,8
DA:67,8
DA:68,8
DA:69,8
DA:70,2
DA:71,2
DA:72,2
DA:73,2
DA:74,2
DA:75,2
DA:76,2
DA:77,2
DA:78,2
DA:79,2
DA:80,2
DA:81,2
DA:82,2
DA:83,2
DA:84,2
DA:85,2
DA:86,2
DA:87,2
DA:88,2
DA:89,2
DA:90,2
DA:91,2
DA:92,2
DA:93,2
DA:94,2
DA:95,2
DA:96,2
DA:97,2
DA:98,2
DA:99,2
DA:100,2
DA:101,2
DA:102,2
DA:103,2
DA:104,2
DA:105,2
DA:106,2
DA:107,2
DA:108,2
DA:109,2
DA:110,2
DA:111,10
DA:112,10
DA:113,10
DA:114,10
DA:115,10
DA:116,10
DA:117,3
DA:118,3
DA:119,10
DA:120,10
DA:121,10
DA:122,10
DA:123,10
DA:124,10
DA:125,2
DA:126,2
DA:127,10
DA:128,2
DA:129,2
DA:130,10
DA:131,2
DA:132,2
DA:133,10
DA:134,2
DA:135,2
DA:136,10
DA:137,2
DA:138,2
DA:139,10
DA:140,10
DA:141,2
DA:142,2
DA:143,2
DA:144,2
DA:145,2
DA:146,2
DA:147,2
DA:148,2
DA:149,3
DA:150,2
DA:151,2
DA:152,3
DA:153,3
DA:154,3
DA:155,3
DA:156,3
DA:157,3
DA:158,3
DA:159,3
DA:160,3
DA:161,3
DA:162,3
DA:163,2
DA:164,2
DA:165,2
DA:166,2
DA:167,2
DA:168,2
DA:169,2
DA:170,2
DA:171,3
DA:172,3
DA:173,3
DA:174,3
DA:175,3
DA:176,3
DA:177,3
DA:178,3
DA:179,3
DA:180,3
DA:181,3
DA:182,3
DA:183,3
DA:184,3
DA:185,3
DA:186,3
DA:187,3
DA:188,3
DA:189,3
DA:190,3
DA:191,3
DA:192,3
DA:193,3
DA:194,2
DA:195,2
DA:196,2
DA:197,2
DA:198,2
DA:199,2
DA:200,2
DA:201,2
DA:202,2
DA:203,2
DA:204,2
DA:205,2
DA:206,2
DA:207,2
DA:208,2
DA:209,2
DA:210,2
DA:211,2
DA:212,2
DA:213,2
DA:214,2
DA:215,2
DA:216,2
DA:217,2
DA:218,2
DA:219,2
DA:220,2
DA:221,2
DA:222,2
DA:223,2
DA:224,2
DA:225,2
DA:226,2
DA:227,2
DA:228,2
DA:229,2
DA:230,2
DA:231,2
DA:232,2
DA:233,2
DA:234,2
DA:235,2
DA:236,2
DA:237,2
DA:238,2
DA:239,2
DA:240,2
DA:241,2
DA:242,2
DA:243,2
DA:244,2
DA:245,2
DA:246,2
DA:247,2
DA:248,2
DA:249,2
DA:250,2
DA:251,2
DA:252,2
DA:253,2
DA:254,2
DA:255,2
DA:256,2
DA:257,2
DA:258,2
DA:259,2
DA:260,2
DA:261,2
DA:262,2
DA:263,2
DA:264,2
DA:265,2
DA:266,2
DA:267,2
DA:268,2
DA:269,2
DA:270,2
DA:271,2
DA:272,2
DA:273,2
DA:274,2
DA:275,2
DA:276,2
DA:277,2
DA:278,2
DA:279,2
DA:280,2
DA:281,2
DA:282,2
DA:283,2
DA:284,2
DA:285,2
DA:286,2
DA:287,2
DA:288,2
DA:289,2
DA:290,2
DA:291,2
DA:292,2
DA:293,2
DA:294,2
DA:295,1
DA:296,1
DA:297,1
DA:298,1
DA:299,1
DA:300,1
DA:301,1
DA:302,1
DA:303,1
DA:304,1
DA:305,1
DA:306,1
DA:307,1
DA:308,1
DA:309,1
DA:310,1
DA:311,1
DA:312,1
DA:313,1
DA:314,1
DA:315,1
DA:316,1
DA:317,1
DA:318,1
DA:319,1
DA:320,1
DA:321,1
DA:322,1
DA:323,1
DA:324,1
DA:325,1
DA:326,1
DA:327,1
DA:328,1
DA:329,1
DA:330,14
DA:331,14
DA:332,14
DA:333,23
DA:334,23
DA:335,20
DA:336,20
DA:337,23
DA:338,14
DA:339,14
DA:340,1
DA:341,1
DA:342,1
DA:343,1
DA:344,1
DA:345,1
DA:346,6
DA:347,6
DA:348,6
DA:349,6
DA:350,6
DA:351,6
DA:352,18
DA:353,18
DA:354,13
DA:355,13
DA:356,18
DA:357,6
DA:358,6
DA:359,6
DA:360,1
DA:361,1
DA:362,1
DA:363,1
DA:364,2
DA:365,2
DA:366,2
DA:367,2
DA:368,2
DA:369,2
DA:370,2
DA:371,1
DA:372,1
DA:373,1
DA:374,1
DA:375,1
DA:376,1
DA:377,1
DA:378,1
DA:379,1
DA:380,1
DA:381,1
DA:382,1
DA:383,1
DA:384,1
LF:384
LH:384
BRDA:11,0,0,2
BRDA:27,1,0,8
BRDA:41,2,0,8
BRDA:45,3,0,11
BRDA:46,4,0,3
BRDA:48,5,0,8
BRDA:48,6,0,2
BRDA:50,7,0,6
BRDA:50,8,0,2
BRDA:52,9,0,4
BRDA:52,10,0,2
BRDA:60,11,0,11
BRDA:61,12,0,11
BRDA:76,13,0,2
BRDA:79,14,0,2
BRDA:84,15,0,2
BRDA:89,16,0,2
BRDA:94,17,0,2
BRDA:99,18,0,2
BRDA:110,19,0,10
BRDA:116,20,0,3
BRDA:124,21,0,2
BRDA:127,22,0,2
BRDA:130,23,0,2
BRDA:133,24,0,2
BRDA:136,25,0,2
BRDA:148,26,0,3
BRDA:149,27,0,1
BRDA:149,28,0,2
BRDA:170,29,0,3
BRDA:175,30,0,0
BRDA:200,31,0,2
BRDA:202,32,0,0
BRDA:226,33,0,2
BRDA:228,34,0,0
BRDA:252,35,0,2
BRDA:254,36,0,0
BRDA:276,37,0,2
BRDA:278,38,0,0
BRDA:330,39,0,14
BRDA:332,40,0,23
BRDA:334,41,0,21
BRDA:334,42,0,20
BRDA:346,43,0,6
BRDA:351,44,0,18
BRDA:353,45,0,15
BRDA:353,46,0,13
BRDA:364,47,0,2
BRF:48
BRH:43
end_of_record
TN:
SF:src\services\modelParser.ts
FN:10,ModelParser
FN:33,Object.<anonymous>.ModelParser.setNewestEntry
FN:45,Object.<anonymous>.ModelParser.getNewestEntry
FN:54,Object.<anonymous>.ModelParser.filterAfterLastUpdate
FNF:4
FNH:4
FNDA:17,ModelParser
FNDA:17,Object.<anonymous>.ModelParser.setNewestEntry
FNDA:12,Object.<anonymous>.ModelParser.getNewestEntry
FNDA:17,Object.<anonymous>.ModelParser.filterAfterLastUpdate
DA:1,1
DA:2,1
DA:3,1
DA:4,1
DA:5,1
DA:6,1
DA:7,1
DA:8,1
DA:9,1
DA:10,1
DA:11,17
DA:12,17
DA:13,17
DA:14,17
DA:15,17
DA:16,17
DA:17,1
DA:18,1
DA:19,17
DA:20,17
DA:21,17
DA:22,17
DA:23,17
DA:24,17
DA:25,17
DA:26,17
DA:27,1
DA:28,1
DA:29,1
DA:30,1
DA:31,1
DA:32,1
DA:33,1
DA:34,17
DA:35,52
DA:36,52
DA:37,17
DA:38,17
DA:39,1
DA:40,1
DA:41,1
DA:42,1
DA:43,1
DA:44,1
DA:45,1
DA:46,12
DA:47,12
DA:48,1
DA:49,1
DA:50,1
DA:51,1
DA:52,1
DA:53,1
DA:54,1
DA:55,17
DA:56,9
DA:57,28
DA:58,9
DA:59,9
DA:60,1
DA:61,1
DA:62,1
DA:63,1
DA:64,1
LF:64
LH:64
BRDA:4,0,0,1
BRDA:10,1,0,17
BRDA:16,2,0,1
BRDA:33,3,0,17
BRDA:34,4,0,52
BRDA:36,5,0,25
BRDA:36,6,0,27
BRDA:45,7,0,12
BRDA:54,8,0,17
BRDA:55,9,0,8
BRDA:56,10,0,9
BRDA:56,11,0,28
BRF:12
BRH:12
end_of_record
TN:
SF:src\services\dataParsers\abbottParser.ts
FN:27,AbbottParser
FN:34,Object.<anonymous>.AbbottParser.process
FN:66,Object.<anonymous>.AbbottParser.filterGlucose
FN:87,Object.<anonymous>.AbbottParser.filterFood
FN:104,Object.<anonymous>.AbbottParser.filterInsulin
FN:117,Object.<anonymous>.AbbottParser.getLocale
FNF:6
FNH:6
FNDA:1,AbbottParser
FNDA:1,Object.<anonymous>.AbbottParser.process
FNDA:2,Object.<anonymous>.AbbottParser.filterGlucose
FNDA:2,Object.<anonymous>.AbbottParser.filterFood
FNDA:2,Object.<anonymous>.AbbottParser.filterInsulin
FNDA:2,Object.<anonymous>.AbbottParser.getLocale
DA:1,1
DA:2,1
DA:3,1
DA:4,1
DA:5,1
DA:6,1
DA:7,1
DA:8,1
DA:9,1
DA:10,1
DA:11,1
DA:12,1
DA:13,1
DA:14,1
DA:15,1
DA:16,1
DA:17,1
DA:18,1
DA:19,1
DA:20,1
DA:21,1
DA:22,1
DA:23,1
DA:24,1
DA:25,1
DA:26,1
DA:27,1
DA:28,1
DA:29,1
DA:30,1
DA:31,1
DA:32,1
DA:33,1
DA:34,1
DA:35,1
DA:36,1
DA:37,1
DA:38,1
DA:39,1
DA:40,1
DA:41,1
DA:42,0
DA:43,0
DA:44,0
DA:45,0
DA:46,0
DA:47,0
DA:48,0
DA:49,0
DA:50,0
DA:51,0
DA:52,0
DA:53,0
DA:54,0
DA:55,0
DA:56,0
DA:57,1
DA:58,1
DA:59,1
DA:60,1
DA:61,1
DA:62,1
DA:63,1
DA:64,1
DA:65,1
DA:66,1
DA:67,2
DA:68,10
DA:69,10
DA:70,10
DA:71,10
DA:72,10
DA:73,10
DA:74,6
DA:75,10
DA:76,2
DA:77,2
DA:78,0
DA:79,0
DA:80,2
DA:81,2
DA:82,1
DA:83,1
DA:84,1
DA:85,1
DA:86,1
DA:87,1
DA:88,2
DA:89,10
DA:90,10
DA:91,2
DA:92,10
DA:93,2
DA:94,2
DA:95,0
DA:96,0
DA:97,2
DA:98,2
DA:99,1
DA:100,1
DA:101,1
DA:102,1
DA:103,1
DA:104,1
DA:105,2
DA:106,10
DA:107,2
DA:108,2
DA:109,0
DA:110,0
DA:111,2
DA:112,2
DA:113,1
DA:114,1
DA:115,1
DA:116,1
DA:117,1
DA:118,2
DA:119,2
DA:120,1
LF:120
LH:99
BRDA:21,0,0,1
BRDA:27,1,0,1
BRDA:34,2,0,1
BRDA:42,3,0,0
BRDA:66,4,0,2
BRDA:67,5,0,0
BRDA:77,6,0,0
BRDA:67,7,0,10
BRDA:72,8,0,8
BRDA:73,9,0,6
BRDA:87,10,0,2
BRDA:88,11,0,0
BRDA:94,12,0,0
BRDA:94,13,0,0
BRDA:88,14,0,10
BRDA:90,15,0,2
BRDA:104,16,0,2
BRDA:105,17,0,0
BRDA:108,18,0,0
BRDA:108,19,0,0
BRDA:105,20,0,10
BRDA:117,21,0,2
BRDA:118,22,0,0
BRF:23
BRH:13
end_of_record
TN:
SF:src\services\dataParsers\dataParser.ts
FN:57,DataParser
FN:68,Object.<anonymous>.DataParser.parse
FN:104,Object.<anonymous>.DataParser.setFilePath
FN:107,Object.<anonymous>.DataParser.getFilePath
FN:119,Object.<anonymous>.DataParser.createParser
FN:168,Object.<anonymous>.DataParser.getData
FN:222,Object.<anonymous>.DataParser.postProcessedData
FN:235,Object.<anonymous>.DataParser.retrieveLastUpdate
FN:245,Object.<anonymous>.DataParser.setLastUpdate
FN:256,Object.<anonymous>.DataParser.getLastProcessedTimestamp
FN:270,Object.<anonymous>.DataParser.parseOnlyNewest
FNF:11
FNH:11
FNDA:3,DataParser
FNDA:3,Object.<anonymous>.DataParser.parse
FNDA:1,Object.<anonymous>.DataParser.setFilePath
FNDA:5,Object.<anonymous>.DataParser.getFilePath
FNDA:12,Object.<anonymous>.DataParser.createParser
FNDA:4,Object.<anonymous>.DataParser.getData
FNDA:6,Object.<anonymous>.DataParser.postProcessedData
FNDA:3,Object.<anonymous>.DataParser.retrieveLastUpdate
FNDA:6,Object.<anonymous>.DataParser.setLastUpdate
FNDA:6,Object.<anonymous>.DataParser.getLastProcessedTimestamp
FNDA:3,Object.<anonymous>.DataParser.parseOnlyNewest
DA:1,1
DA:2,1
DA:3,1
DA:4,1
DA:5,1
DA:6,1
DA:7,1
DA:8,1
DA:9,1
DA:10,1
DA:11,1
DA:12,1
DA:13,1
DA:14,1
DA:15,1
DA:16,1
DA:17,1
DA:18,1
DA:19,1
DA:20,1
DA:21,1
DA:22,1
DA:23,1
DA:24,1
DA:25,1
DA:26,1
DA:27,1
DA:28,1
DA:29,1
DA:30,1
DA:31,1
DA:32,1
DA:33,1
DA:34,1
DA:35,1
DA:36,1
DA:37,1
DA:38,1
DA:39,1
DA:40,1
DA:41,1
DA:42,1
DA:43,1
DA:44,1
DA:45,1
DA:46,1
DA:47,1
DA:48,1
DA:49,1
DA:50,1
DA:51,1
DA:52,1
DA:53,1
DA:54,1
DA:55,1
DA:56,1
DA:57,1
DA:58,3
DA:59,3
DA:60,3
DA:61,3
DA:62,3
DA:63,3
DA:64,1
DA:65,1
DA:66,1
DA:67,1
DA:68,1
DA:69,3
DA:70,0
DA:71,0
DA:72,3
DA:73,3
DA:74,3
DA:75,3
DA:76,3
DA:77,3
DA:78,3
DA:79,3
DA:80,3
DA:81,3
DA:82,3
DA:83,3
DA:84,3
DA:85,3
DA:86,3
DA:87,3
DA:88,0
DA:89,0
DA:90,0
DA:91,0
DA:92,0
DA:93,3
DA:94,3
DA:95,3
DA:96,3
DA:97,3
DA:98,3
DA:99,1
DA:100,1
DA:101,1
DA:102,1
DA:103,1
DA:104,1
DA:105,1
DA:106,1
DA:107,1
DA:108,5
DA:109,5
DA:110,1
DA:111,1
DA:112,1
DA:113,1
DA:114,1
DA:115,1
DA:116,1
DA:117,1
DA:118,1
DA:119,1
DA:120,12
DA:121,12
DA:122,6
DA:123,6
DA:124,6
DA:125,6
DA:126,6
DA:127,6
DA:128,6
DA:129,6
DA:130,6
DA:131,6
DA:132,12
DA:133,0
DA:134,0
DA:135,0
DA:136,0
DA:137,12
DA:138,4
DA:139,4
DA:140,4
DA:141,4
DA:142,4
DA:143,4
DA:144,4
DA:145,4
DA:146,4
DA:147,4
DA:148,12
DA:149,2
DA:150,2
DA:151,2
DA:152,2
DA:153,2
DA:154,2
DA:155,2
DA:156,2
DA:157,2
DA:158,2
DA:159,12
DA:160,0
DA:161,12
DA:162,12
DA:163,1
DA:164,1
DA:165,1
DA:166,1
DA:167,1
DA:168,1
DA:169,4
DA:170,4
DA:171,4
DA:172,4
DA:173,4
DA:174,4
DA:175,4
DA:176,4
DA:177,4
DA:178,4
DA:179,2
DA:180,4
DA:181,0
DA:182,4
DA:183,2
DA:184,4
DA:185,0
DA:186,4
DA:187,0
DA:188,0
DA:189,0
DA:190,0
DA:191,0
DA:192,0
DA:193,0
DA:194,0
DA:195,0
DA:196,0
DA:197,0
DA:198,0
DA:199,0
DA:200,0
DA:201,0
DA:202,0
DA:203,0
DA:204,0
DA:205,0
DA:206,0
DA:207,0
DA:208,0
DA:209,0
DA:210,0
DA:211,0
DA:212,0
DA:213,0
DA:214,0
DA:215,0
DA:216,4
DA:217,4
DA:218,0
DA:219,4
DA:220,4
DA:221,1
DA:222,1
DA:223,6
DA:224,6
DA:225,6
DA:226,6
DA:227,6
DA:228,6
DA:229,6
DA:230,6
DA:231,1
DA:232,1
DA:233,1
DA:234,1
DA:235,1
DA:236,3
DA:237,3
DA:238,3
DA:239,3
DA:240,1
DA:241,1
DA:242,1
DA:243,1
DA:244,1
DA:245,1
DA:246,6
DA:247,6
DA:248,6
DA:249,6
DA:250,1
DA:251,1
DA:252,1
DA:253,1
DA:254,1
DA:255,1
DA:256,1
DA:257,6
DA:258,6
DA:259,6
DA:260,6
DA:261,6
DA:262,6
DA:263,6
DA:264,6
DA:265,1
DA:266,1
DA:267,1
DA:268,1
DA:269,1
DA:270,1
DA:271,3
DA:272,3
DA:273,1
LF:273
LH:229
BRDA:29,0,0,1
BRDA:57,1,0,3
BRDA:68,2,0,3
BRDA:69,3,0,0
BRDA:79,4,0,0
BRDA:83,5,0,0
BRDA:94,6,0,2
BRDA:82,7,0,0
BRDA:85,8,0,0
BRDA:87,9,0,0
BRDA:87,10,0,0
BRDA:95,11,0,2
BRDA:95,12,0,2
BRDA:97,13,0,1
BRDA:104,14,0,1
BRDA:107,15,0,5
BRDA:119,16,0,12
BRDA:121,17,0,6
BRDA:132,18,0,0
BRDA:137,19,0,4
BRDA:148,20,0,2
BRDA:159,21,0,0
BRDA:168,22,0,4
BRDA:178,23,0,2
BRDA:179,24,0,0
BRDA:180,25,0,0
BRDA:182,26,0,2
BRDA:183,27,0,0
BRDA:184,28,0,0
BRDA:186,29,0,0
BRDA:217,30,0,0
BRDA:222,31,0,6
BRDA:226,32,0,2
BRDA:227,33,0,4
BRDA:228,34,0,0
BRDA:235,35,0,3
BRDA:245,36,0,6
BRDA:256,37,0,6
BRDA:258,38,0,0
BRDA:261,39,0,4
BRDA:261,40,0,2
BRDA:262,41,0,2
BRDA:262,42,0,4
BRDA:270,43,0,3
BRF:44
BRH:27
end_of_record
TN:
SF:src\services\dataParsers\dataParserTypes.ts
FN:32,InputError
FN:39,DeveloperError
FN:86,FoodDiaryDataGuard
FN:106,emptyAbbottData
FN:166,AbbottDataGuard
FNF:5
FNH:4
FNDA:3,InputError
FNDA:1,DeveloperError
FNDA:1,FoodDiaryDataGuard
FNDA:0,emptyAbbottData
FNDA:1,AbbottDataGuard
DA:1,1
DA:2,1
DA:3,1
DA:4,1
DA:5,1
DA:6,1
DA:7,1
DA:8,1
DA:9,1
DA:10,1
DA:11,1
DA:12,1
DA:13,1
DA:14,1
DA:15,1
DA:16,1
DA:17,1
DA:18,1
DA:19,1
DA:20,1
DA:21,1
DA:22,1
DA:23,1
DA:24,1
DA:25,1
DA:26,1
DA:27,1
DA:28,1
DA:29,1
DA:30,1
DA:31,1
DA:32,1
DA:33,3
DA:34,3
DA:35,3
DA:36,1
DA:37,1
DA:38,1
DA:39,1
DA:40,1
DA:41,1
DA:42,1
DA:43,1
DA:44,1
DA:45,1
DA:46,1
DA:47,1
DA:48,1
DA:49,1
DA:50,1
DA:51,1
DA:52,1
DA:53,1
DA:54,1
DA:55,1
DA:56,1
DA:57,1
DA:58,1
DA:59,1
DA:60,1
DA:61,1
DA:62,1
DA:63,1
DA:64,1
DA:65,1
DA:66,1
DA:67,1
DA:68,1
DA:69,1
DA:70,1
DA:71,1
DA:72,1
DA:73,1
DA:74,1
DA:75,1
DA:76,1
DA:77,1
DA:78,1
DA:79,1
DA:80,1
DA:81,1
DA:82,1
DA:83,1
DA:84,1
DA:85,1
DA:86,1
DA:87,1
DA:88,1
DA:89,1
DA:90,0
DA:91,0
DA:92,1
DA:93,1
DA:94,1
DA:95,1
DA:96,1
DA:97,1
DA:98,1
DA:99,0
DA:100,1
DA:101,1
DA:102,1
DA:103,1
DA:104,1
DA:105,1
DA:106,1
DA:107,1
DA:108,1
DA:109,1
DA:110,1
DA:111,1
DA:112,1
DA:113,1
DA:114,1
DA:115,1
DA:116,1
DA:117,1
DA:118,1
DA:119,1
DA:120,1
DA:121,1
DA:122,1
DA:123,1
DA:124,1
[...]
DA:24,1
DA:25,1
DA:26,1
DA:27,1
DA:28,1
DA:29,1
DA:30,1
DA:31,1
DA:32,1
DA:33,1
DA:34,1
DA:35,1
DA:36,1
DA:37,1
DA:38,1
DA:39,0
DA:40,0
DA:41,0
DA:42,0
DA:43,0
DA:44,0
DA:45,0
DA:46,1
DA:47,1
DA:48,1
DA:49,1
DA:50,1
DA:51,1
DA:52,1
DA:53,1
DA:54,1
DA:55,1
DA:56,1
DA:57,1
DA:58,1
DA:59,1
DA:60,1
DA:61,1
DA:62,1
DA:63,1
DA:64,1
DA:65,1
DA:66,0
DA:67,0
DA:68,0
DA:69,0
DA:70,0
DA:71,0
DA:72,0
DA:73,0
DA:74,0
DA:75,0
DA:76,0
DA:77,0
DA:78,0
DA:79,0
DA:80,0
DA:81,0
DA:82,1
DA:83,1
DA:84,1
DA:85,1
DA:86,1
DA:87,1
DA:88,1
DA:89,1
DA:90,4
DA:91,1
DA:92,1
DA:93,3
DA:94,4
DA:95,1
DA:96,1
DA:97,1
DA:98,1
DA:99,2
DA:100,2
DA:101,2
DA:102,2
DA:103,2
DA:104,2
DA:105,2
DA:106,2
DA:107,2
DA:108,2
DA:109,2
DA:110,20
DA:111,20
DA:112,20
DA:113,20
DA:114,2
DA:115,2
DA:116,2
DA:117,2
DA:118,1
LF:118
LH:95
BRDA:12,0,0,1
BRDA:16,1,0,3
BRDA:26,2,0,1
BRDA:38,3,0,0
BRDA:89,4,0,4
BRDA:90,5,0,1
BRDA:93,6,0,3
BRDA:94,7,0,1
BRDA:99,8,0,2
BRDA:107,9,0,2
BRDA:109,10,0,20
BRF:11
BRH:10
end_of_record
TN:
SF:src\services\fileParsers\xmlParser.ts
FN:9,XMLParser
FN:18,Object.<anonymous>.XMLParser.parse
FNF:2
FNH:2
FNDA:3,XMLParser
FNDA:3,Object.<anonymous>.XMLParser.parse
DA:1,1
DA:2,1
DA:3,1
DA:4,1
DA:5,1
DA:6,1
DA:7,1
DA:8,1
DA:9,1
DA:10,3
DA:11,3
DA:12,1
DA:13,1
DA:14,1
DA:15,1
DA:16,1
DA:17,1
DA:18,1
DA:19,3
DA:20,3
DA:21,3
DA:22,3
DA:23,3
DA:24,3
DA:25,3
DA:26,3
DA:27,3
DA:28,3
DA:29,1
DA:30,1
DA:31,1
DA:32,1
DA:33,1
DA:34,1
DA:35,1
DA:36,1
DA:37,1
LF:37
LH:37
BRDA:8,0,0,1
BRDA:9,1,0,3
BRDA:18,2,0,3
BRDA:22,3,0,3
BRDA:24,4,0,3
BRF:5
BRH:5
end_of_record
TN:
SF:src\services\food\foodMapper.ts
FN:9,FoodMapper
FN:16,Object.<anonymous>.FoodMapper.mapFood
FN:46,Object.<anonymous>.FoodMapper.mapAbbott
FN:60,Object.<anonymous>.FoodMapper.mapFoodDiary
FN:80,Object.<anonymous>.FoodMapper.mapEetmeter
FN:110,Object.<anonymous>.FoodMapper.mapNightScout
FN:122,Object.<anonymous>.FoodMapper.dateParser
FNF:7
FNH:7
FNDA:1,FoodMapper
FNDA:9,Object.<anonymous>.FoodMapper.mapFood
FNDA:2,Object.<anonymous>.FoodMapper.mapAbbott
FNDA:18,Object.<anonymous>.FoodMapper.mapFoodDiary
FNDA:6,Object.<anonymous>.FoodMapper.mapEetmeter
FNDA:2,Object.<anonymous>.FoodMapper.mapNightScout
FNDA:6,Object.<anonymous>.FoodMapper.dateParser
DA:1,1
DA:2,1
DA:3,1
DA:4,1
DA:5,1
DA:6,1
DA:7,1
DA:8,1
DA:9,1
DA:10,1
DA:11,1
DA:12,1
DA:13,1
DA:14,1
DA:15,1
DA:16,1
DA:17,9
DA:18,9
DA:19,9
DA:20,9
DA:21,9
DA:22,2
DA:23,2
DA:24,2
DA:25,2
DA:26,2
DA:27,2
DA:28,9
DA:29,9
DA:30,5
DA:31,9
DA:32,2
DA:33,9
DA:34,0
DA:35,9
DA:36,0
DA:37,9
DA:38,9
DA:39,1
DA:40,1
DA:41,1
DA:42,1
DA:43,1
DA:44,1
DA:45,1
DA:46,1
DA:47,2
DA:48,2
DA:49,2
DA:50,2
DA:51,2
DA:52,2
DA:53,2
DA:54,1
DA:55,1
DA:56,1
DA:57,1
DA:58,1
DA:59,1
DA:60,1
DA:61,18
DA:62,18
DA:63,18
DA:64,18
DA:65,18
DA:66,18
DA:67,18
DA:68,18
DA:69,18
DA:70,18
DA:71,18
DA:72,18
DA:73,18
DA:74,1
DA:75,1
DA:76,1
DA:77,1
DA:78,1
DA:79,1
DA:80,1
DA:81,6
DA:82,6
DA:83,6
DA:84,6
DA:85,6
DA:86,6
DA:87,6
DA:88,6
DA:89,6
DA:90,6
DA:91,6
DA:92,6
DA:93,6
DA:94,6
DA:95,6
DA:96,6
DA:97,6
DA:98,6
DA:99,6
DA:100,6
DA:101,6
DA:102,6
DA:103,6
DA:104,1
DA:105,1
DA:106,1
DA:107,1
DA:108,1
DA:109,1
DA:110,1
DA:111,2
DA:112,2
DA:113,2
DA:114,2
DA:115,2
DA:116,2
DA:117,2
DA:118,2
DA:119,2
DA:120,2
DA:121,1
DA:122,1
DA:123,6
DA:124,6
DA:125,2
DA:126,6
DA:127,2
DA:128,2
DA:129,2
DA:130,2
DA:131,6
DA:132,6
DA:133,6
DA:134,1
LF:134
LH:132
BRDA:9,0,0,1
BRDA:9,1,0,1
BRDA:16,2,0,9
BRDA:21,3,0,2
BRDA:29,4,0,5
BRDA:31,5,0,2
BRDA:33,6,0,0
BRDA:35,7,0,0
BRDA:25,8,0,2
BRDA:46,9,0,2
BRDA:60,10,0,18
BRDA:80,11,0,6
BRDA:110,12,0,2
BRDA:114,13,0,0
BRDA:115,14,0,1
BRDA:116,15,0,1
BRDA:122,16,0,6
BRDA:124,17,0,2
BRDA:126,18,0,4
BRDA:126,19,0,2
BRF:20
BRH:17
end_of_record
TN:
SF:src\services\food\foodParser.ts
FN:27,FoodParser
FN:43,Object.<anonymous>.FoodParser.process
FN:57,Object.<anonymous>.FoodParser.post
FNF:3
FNH:3
FNDA:9,FoodParser
FNDA:9,Object.<anonymous>.FoodParser.process
FNDA:6,Object.<anonymous>.FoodParser.post
DA:1,1
DA:2,1
DA:3,1
DA:4,1
DA:5,1
DA:6,1
DA:7,1
DA:8,1
DA:9,1
DA:10,1
DA:11,1
DA:12,1
DA:13,1
DA:14,1
DA:15,1
DA:16,1
DA:17,1
DA:18,1
DA:19,1
DA:20,1
DA:21,1
DA:22,1
DA:23,1
DA:24,1
DA:25,1
DA:26,1
DA:27,1
DA:28,9
DA:29,9
DA:30,9
DA:31,9
DA:32,9
DA:33,9
DA:34,9
DA:35,9
DA:36,9
DA:37,9
DA:38,9
DA:39,1
DA:40,1
DA:41,1
DA:42,1
DA:43,1
DA:44,9
DA:45,9
DA:46,9
DA:47,9
DA:48,9
DA:49,9
DA:50,9
DA:51,9
DA:52,9
DA:53,1
DA:54,1
DA:55,1
DA:56,1
DA:57,1
DA:58,6
DA:59,6
DA:60,6
DA:61,6
DA:62,6
DA:63,6
DA:64,6
DA:65,6
DA:66,6
DA:67,6
DA:68,6
DA:69,6
DA:70,1
LF:70
LH:70
BRDA:15,0,0,1
BRDA:27,1,0,9
BRDA:43,2,0,9
BRDA:57,3,0,6
BRF:4
BRH:4
end_of_record
TN:
SF:src\services\food\foodTypes.ts
FNF:0
FNH:0
DA:1,1
DA:2,1
DA:3,1
DA:4,1
DA:5,1
DA:6,1
DA:7,1
DA:8,1
DA:9,1
DA:10,1
DA:11,1
DA:12,1
DA:13,1
DA:14,1
DA:15,1
DA:16,1
DA:17,1
DA:18,1
DA:19,1
DA:20,1
DA:21,1
DA:22,1
DA:23,1
DA:24,1
LF:24
LH:24
BRDA:11,0,0,1
BRF:1
BRH:1
end_of_record
TN:
SF:src\services\glucose\glucoseMapper.ts
FN:9,GlucoseMapper
FN:17,Object.<anonymous>.GlucoseMapper.mapGlucose
FN:45,Object.<anonymous>.GlucoseMapper.mapAbbott
FN:96,Object.<anonymous>.GlucoseMapper.mapNightScout
FNF:4
FNH:4
FNDA:1,GlucoseMapper
FNDA:3,Object.<anonymous>.GlucoseMapper.mapGlucose
FNDA:8,Object.<anonymous>.GlucoseMapper.mapAbbott
FNDA:1,Object.<anonymous>.GlucoseMapper.mapNightScout
DA:1,1
DA:2,1
DA:3,1
DA:4,1
DA:5,1
DA:6,1
DA:7,1
DA:8,1
DA:9,1
DA:10,1
DA:11,1
DA:12,1
DA:13,1
DA:14,1
DA:15,1
DA:16,1
DA:17,1
DA:18,3
DA:19,3
DA:20,3
DA:21,3
DA:22,3
DA:23,3
DA:24,3
DA:25,3
DA:26,3
DA:27,8
DA:28,3
DA:29,3
DA:30,0
DA:31,0
DA:32,0
DA:33,1
DA:34,0
DA:35,3
DA:36,0
DA:37,3
DA:38,3
DA:39,1
DA:40,1
DA:41,1
DA:42,1
DA:43,1
DA:44,1
DA:45,1
DA:46,8
DA:47,8
DA:48,8
DA:49,8
DA:50,8
DA:51,8
DA:52,8
DA:53,8
DA:54,8
DA:55,4
DA:56,4
DA:57,4
DA:58,4
DA:59,4
DA:60,4
DA:61,4
DA:62,4
DA:63,4
DA:64,8
DA:65,8
DA:66,8
DA:67,2
DA:68,2
DA:69,2
DA:70,2
DA:71,2
DA:72,2
DA:73,2
DA:74,2
DA:75,2
DA:76,2
DA:77,8
DA:78,8
DA:79,8
DA:80,2
DA:81,2
DA:82,2
DA:83,2
DA:84,2
DA:85,2
DA:86,2
DA:87,2
DA:88,2
DA:89,2
DA:90,8
DA:91,0
DA:92,0
DA:93,0
DA:94,0
DA:95,1
DA:96,1
DA:97,1
DA:98,1
DA:99,1
DA:100,1
DA:101,1
DA:102,1
DA:103,1
DA:104,1
DA:105,1
LF:105
LH:96
BRDA:9,0,0,1
BRDA:9,1,0,1
BRDA:17,2,0,3
BRDA:29,3,0,0
BRDA:35,4,0,0
BRDA:26,5,0,8
BRDA:32,6,0,1
BRDA:45,7,0,8
BRDA:54,8,0,4
BRDA:59,9,0,0
BRDA:66,10,0,2
BRDA:71,11,0,0
BRDA:79,12,0,2
BRDA:84,13,0,0
BRDA:91,14,0,0
BRDA:96,15,0,1
BRDA:99,16,0,0
BRF:17
BRH:10
end_of_record
TN:
SF:src\services\glucose\glucoseParser.ts
FN:25,GlucoseParser
FN:43,Object.<anonymous>.GlucoseParser.process
FN:65,Object.<anonymous>.GlucoseParser.assumeUnit
FN:80,Object.<anonymous>.GlucoseParser.post
FNF:4
FNH:4
FNDA:3,GlucoseParser
FNDA:3,Object.<anonymous>.GlucoseParser.process
FNDA:3,Object.<anonymous>.GlucoseParser.assumeUnit
FNDA:2,Object.<anonymous>.GlucoseParser.post
DA:1,1
DA:2,1
DA:3,1
DA:4,1
DA:5,1
DA:6,1
DA:7,1
DA:8,1
DA:9,1
DA:10,1
DA:11,1
DA:12,1
DA:13,1
DA:14,1
DA:15,1
DA:16,1
DA:17,1
DA:18,1
DA:19,1
DA:20,1
DA:21,1
DA:22,1
DA:23,1
DA:24,1
DA:25,1
DA:26,3
DA:27,3
DA:28,3
DA:29,3
DA:30,3
DA:31,3
DA:32,3
DA:33,3
DA:34,3
DA:35,3
DA:36,3
DA:37,3
DA:38,3
DA:39,1
DA:40,1
DA:41,1
DA:42,1
DA:43,1
DA:44,3
DA:45,3
DA:46,3
DA:47,3
DA:48,3
DA:49,3
DA:50,3
DA:51,3
DA:52,3
DA:53,3
DA:54,3
DA:55,3
DA:56,3
DA:57,3
DA:58,3
DA:59,3
DA:60,3
DA:61,1
DA:62,1
DA:63,1
DA:64,1
DA:65,1
DA:66,3
DA:67,3
DA:68,3
DA:69,3
DA:70,3
DA:71,0
DA:72,3
DA:73,0
DA:74,3
DA:75,3
DA:76,1
DA:77,1
DA:78,1
DA:79,1
DA:80,1
DA:81,2
DA:82,2
DA:83,2
DA:84,2
DA:85,2
DA:86,2
DA:87,2
DA:88,2
DA:89,2
DA:90,2
DA:91,2
DA:92,2
DA:93,2
DA:94,2
DA:95,2
DA:96,2
DA:97,1
LF:97
LH:95
BRDA:13,0,0,1
BRDA:25,1,0,3
BRDA:27,2,0,0
BRDA:43,3,0,3
BRDA:65,4,0,3
BRDA:70,5,0,0
BRDA:72,6,0,0
BRDA:80,7,0,2
BRF:8
BRH:5
end_of_record
TN:
SF:src\services\glucose\glucoseTypes.ts
FN:9,emptyGlucoseModel
FNF:1
FNH:1
FNDA:1,emptyGlucoseModel
DA:1,1
DA:2,1
DA:3,1
DA:4,1
DA:5,1
DA:6,1
DA:7,1
DA:8,1
DA:9,1
DA:10,1
DA:11,1
DA:12,1
DA:13,1
DA:14,1
DA:15,1
DA:16,1
DA:17,1
DA:18,1
DA:19,1
DA:20,1
DA:21,1
DA:22,1
DA:23,1
DA:24,1
LF:24
LH:24
BRDA:9,0,0,1
BRDA:16,1,0,1
BRF:2
BRH:2
end_of_record
TN:
SF:src\services\insulin\insulinMapper.ts
FN:9,InsulinMapper
FN:16,Object.<anonymous>.InsulinMapper.mapInsulin
FN:41,Object.<anonymous>.InsulinMapper.mapAbbott
FN:75,Object.<anonymous>.InsulinMapper.mapFoodDiaryInsulin
FN:88,Object.<anonymous>.InsulinMapper.mapNightScout
FN:101,emptyInsulinModel
FNF:6
FNH:5
FNDA:1,InsulinMapper
FNDA:5,Object.<anonymous>.InsulinMapper.mapInsulin
FNDA:2,Object.<anonymous>.InsulinMapper.mapAbbott
FNDA:16,Object.<anonymous>.InsulinMapper.mapFoodDiaryInsulin
FNDA:1,Object.<anonymous>.InsulinMapper.mapNightScout
FNDA:0,emptyInsulinModel
DA:1,1
DA:2,1
DA:3,1
DA:4,1
DA:5,1
DA:6,1
DA:7,1
DA:8,1
DA:9,1
DA:10,1
DA:11,1
DA:12,1
DA:13,1
DA:14,1
DA:15,1
DA:16,1
DA:17,5
DA:18,5
DA:19,5
DA:20,5
DA:21,5
DA:22,2
DA:23,2
DA:24,2
DA:25,2
DA:26,2
DA:27,5
DA:28,3
DA:29,5
DA:30,0
DA:31,5
DA:32,0
DA:33,5
DA:34,5
DA:35,1
DA:36,1
DA:37,1
DA:38,1
DA:39,1
DA:40,1
DA:41,1
DA:42,2
DA:43,2
DA:44,2
DA:45,2
DA:46,2
DA:47,2
DA:48,2
DA:49,2
DA:50,2
DA:51,2
DA:52,0
DA:53,2
DA:54,2
DA:55,0
DA:56,0
DA:57,2
DA:58,2
DA:59,2
DA:60,2
DA:61,0
DA:62,0
DA:63,0
DA:64,0
DA:65,0
DA:66,0
DA:67,2
DA:68,2
DA:69,2
DA:70,2
DA:71,2
DA:72,2
DA:73,2
DA:74,1
DA:75,1
DA:76,16
DA:77,16
DA:78,16
DA:79,16
DA:80,16
DA:81,16
DA:82,16
DA:83,16
DA:84,16
DA:85,16
DA:86,16
DA:87,1
DA:88,1
DA:89,1
DA:90,1
DA:91,1
DA:92,1
DA:93,1
DA:94,1
DA:95,1
DA:96,1
DA:97,1
DA:98,1
DA:99,1
DA:100,1
DA:101,1
DA:102,1
DA:103,1
DA:104,1
DA:105,1
LF:105
LH:94
BRDA:9,0,0,1
BRDA:9,1,0,1
BRDA:16,2,0,5
BRDA:21,3,0,2
BRDA:27,4,0,3
BRDA:29,5,0,0
BRDA:31,6,0,0
BRDA:24,7,0,2
BRDA:41,8,0,2
BRDA:50,9,0,0
BRDA:51,10,0,0
BRDA:54,11,0,0
BRDA:60,12,0,0
BRDA:75,13,0,16
BRDA:88,14,0,1
BRF:15
BRH:9
end_of_record
TN:
SF:src\services\insulin\insulinParser.ts
FN:23,InsulinParser
FN:39,Object.<anonymous>.InsulinParser.process
FN:56,Object.<anonymous>.InsulinParser.post
FNF:3
FNH:3
FNDA:5,InsulinParser
FNDA:5,Object.<anonymous>.InsulinParser.process
FNDA:4,Object.<anonymous>.InsulinParser.post
DA:1,1
DA:2,1
DA:3,1
DA:4,1
DA:5,1
DA:6,1
DA:7,1
DA:8,1
DA:9,1
DA:10,1
DA:11,1
DA:12,1
DA:13,1
DA:14,1
DA:15,1
DA:16,1
DA:17,1
DA:18,1
DA:19,1
DA:20,1
DA:21,1
DA:22,1
DA:23,1
DA:24,5
DA:25,5
DA:26,5
DA:27,5
DA:28,5
DA:29,5
DA:30,5
DA:31,5
DA:32,5
DA:33,5
DA:34,5
DA:35,1
DA:36,1
DA:37,1
DA:38,1
DA:39,1
DA:40,5
DA:41,5
DA:42,5
DA:43,5
DA:44,5
DA:45,5
DA:46,5
DA:47,5
DA:48,5
DA:49,5
DA:50,5
DA:51,5
DA:52,1
DA:53,1
DA:54,1
DA:55,1
DA:56,1
DA:57,4
DA:58,4
DA:59,4
DA:60,4
DA:61,4
DA:62,4
DA:63,4
DA:64,4
DA:65,4
DA:66,4
DA:67,4
DA:68,4
DA:69,4
DA:70,4
DA:71,4
DA:72,4
DA:73,1
LF:73
LH:73
BRDA:12,0,0,1
BRDA:23,1,0,5
BRDA:39,2,0,5
BRDA:56,3,0,4
BRF:4
BRH:4
end_of_record
TN:
SF:src\services\insulin\insulinTypes.ts
FNF:0
FNH:0
DA:1,1
DA:2,1
DA:3,1
DA:4,1
DA:5,1
DA:6,1
DA:7,1
DA:8,1
DA:9,1
DA:10,1
DA:11,1
DA:12,1
DA:13,1
DA:14,1
DA:15,1
DA:16,1
DA:17,1
DA:18,1
DA:19,1
DA:20,1
LF:20
LH:20
BRDA:11,0,0,1
BRF:1
BRH:1
end_of_record
TN:
SF:src\services\mood\moodMapper.ts
FN:4,MoodMapper
FNF:1
FNH:1
FNDA:1,MoodMapper
DA:1,1
DA:2,1
DA:3,1
DA:4,1
DA:5,1
DA:6,1
DA:7,1
DA:8,1
LF:8
LH:8
BRDA:4,0,0,1
BRDA:4,1,0,1
BRF:2
BRH:2
end_of_record
TN:
SF:src\services\mood\moodParser.ts
FN:15,MoodParser
FN:26,Object.<anonymous>.MoodParser.process
FN:33,Object.<anonymous>.MoodParser.post
FNF:3
FNH:3
FNDA:2,MoodParser
FNDA:2,Object.<anonymous>.MoodParser.process
FNDA:1,Object.<anonymous>.MoodParser.post
DA:1,1
DA:2,1
DA:3,1
DA:4,1
DA:5,1
DA:6,1
DA:7,1
DA:8,1
DA:9,1
DA:10,1
DA:11,1
DA:12,1
DA:13,1
DA:14,1
DA:15,1
DA:16,2
DA:17,2
DA:18,2
DA:19,2
DA:20,2
DA:21,2
DA:22,1
DA:23,1
DA:24,1
DA:25,1
DA:26,1
DA:27,2
DA:28,2
DA:29,1
DA:30,1
DA:31,1
DA:32,1
DA:33,1
DA:34,1
DA:35,1
DA:36,1
DA:37,1
DA:38,1
DA:39,1
DA:40,1
DA:41,1
DA:42,1
DA:43,1
DA:44,1
DA:45,1
DA:46,1
LF:46
LH:46
BRDA:7,0,0,1
BRDA:15,1,0,2
BRDA:26,2,0,2
BRDA:33,3,0,1
BRF:4
BRH:4
end_of_record
TN:
SF:src\services\utils\dates.ts
FN:11,parseDate
FN:39,getDateFormat
FN:68,parseExcelDate
FN:87,parseExcelTime
FN:110,convertExcelDateTimes
FN:131,fromUnixMsTime
FN:144,validUnixTimestamp
FNF:7
FNH:7
FNDA:72,parseDate
FNDA:6,getDateFormat
FNDA:10,parseExcelDate
FNDA:21,parseExcelTime
FNDA:4,convertExcelDateTimes
FNDA:2,fromUnixMsTime
FNDA:2,validUnixTimestamp
DA:1,1
DA:2,1
DA:3,1
DA:4,1
DA:5,1
DA:6,1
DA:7,1
DA:8,1
DA:9,1
DA:10,1
DA:11,1
DA:12,72
DA:13,72
DA:14,72
DA:15,72
DA:16,72
DA:17,72
DA:18,72
DA:19,72
DA:20,72
DA:21,72
DA:22,72
DA:23,72
DA:24,72
DA:25,2
DA:26,2
DA:27,70
DA:28,70
DA:29,70
DA:30,70
DA:31,70
DA:32,1
DA:33,1
DA:34,1
DA:35,1
DA:36,1
DA:37,1
DA:38,1
DA:39,1
DA:40,6
DA:41,6
DA:42,20
DA:43,20
DA:44,20
DA:45,20
DA:46,20
DA:47,20
DA:48,20
DA:49,20
DA:50,20
DA:51,5
DA:52,5
DA:53,20
DA:54,0
DA:55,0
DA:56,0
DA:57,20
DA:58,1
DA:59,1
DA:60,1
DA:61,1
DA:62,1
DA:63,1
DA:64,1
DA:65,1
DA:66,1
DA:67,1
DA:68,1
DA:69,10
DA:70,9
DA:71,9
DA:72,9
DA:73,9
DA:74,9
DA:75,9
DA:76,9
DA:77,9
DA:78,9
DA:79,9
DA:80,1
DA:81,1
DA:82,1
DA:83,1
DA:84,1
DA:85,1
DA:86,1
DA:87,1
DA:88,21
DA:89,20
DA:90,21
DA:91,3
DA:92,3
DA:93,17
DA:94,17
DA:95,17
DA:96,17
DA:97,17
DA:98,17
DA:99,17
DA:100,17
DA:101,17
DA:102,17
DA:103,17
DA:104,1
DA:105,1
DA:106,1
DA:107,1
DA:108,1
DA:109,1
DA:110,1
DA:111,4
DA:112,4
DA:113,1
DA:114,1
DA:115,3
DA:116,15
DA:117,7
DA:118,7
DA:119,15
DA:120,9
DA:121,9
DA:122,3
DA:123,3
DA:124,3
DA:125,1
DA:126,1
DA:127,1
DA:128,1
DA:129,1
DA:130,1
DA:131,1
DA:132,2
DA:133,0
DA:134,0
DA:135,2
DA:136,2
DA:137,2
DA:138,1
DA:139,1
DA:140,1
DA:141,1
DA:142,1
DA:143,1
DA:144,1
DA:145,2
DA:146,2
DA:147,1
DA:148,1
DA:149,1
DA:150,1
DA:151,1
DA:152,1
DA:153,1
DA:154,1
DA:155,1
DA:156,1
DA:157,1
DA:158,1
DA:159,1
DA:160,1
DA:161,1
DA:162,1
DA:163,1
DA:164,1
DA:165,1
DA:166,1
DA:167,1
DA:168,1
DA:169,1
DA:170,1
DA:171,1
DA:172,1
DA:173,1
DA:174,1
DA:175,1
DA:176,1
DA:177,1
DA:178,1
DA:179,1
DA:180,1
LF:180
LH:175
BRDA:11,0,0,72
BRDA:21,1,0,46
BRDA:21,2,0,26
BRDA:24,3,0,2
BRDA:27,4,0,70
BRDA:39,5,0,6
BRDA:41,6,0,20
BRDA:47,7,0,0
BRDA:50,8,0,5
BRDA:53,9,0,0
BRDA:58,10,0,1
BRDA:68,11,0,10
BRDA:69,12,0,1
BRDA:70,13,0,9
BRDA:87,14,0,21
BRDA:88,15,0,20
BRDA:88,16,0,1
BRDA:89,17,0,20
BRDA:90,18,0,3
BRDA:93,19,0,17
BRDA:110,20,0,4
BRDA:112,21,0,1
BRDA:112,22,0,3
BRDA:112,23,0,1
BRDA:115,24,0,15
BRDA:116,25,0,7
BRDA:119,26,0,9
BRDA:131,27,0,2
BRDA:132,28,0,0
BRDA:144,29,0,2
BRDA:151,30,0,1
BRF:31
BRH:28
end_of_record
TN:
SF:src\services\utils\files.ts
FN:6,getFileExtension
FN:21,getFileDirectory
FN:34,getFileName
FNF:3
FNH:3
FNDA:10,getFileExtension
FNDA:8,getFileDirectory
FNDA:6,getFileName
DA:1,1
DA:2,1
DA:3,1
DA:4,1
DA:5,1
DA:6,1
DA:7,10
DA:8,10
DA:9,10
DA:10,10
DA:11,10
DA:12,8
DA:13,10
DA:14,10
DA:15,1
DA:16,1
DA:17,1
DA:18,1
DA:19,1
DA:20,1
DA:21,1
DA:22,8
DA:23,8
DA:24,8
DA:25,8
DA:26,8
DA:27,8
DA:28,1
DA:29,1
DA:30,1
DA:31,1
DA:32,1
DA:33,1
DA:34,1
DA:35,6
DA:36,6
DA:37,6
DA:38,6
DA:39,6
DA:40,6
DA:41,6
DA:42,1
DA:43,1
LF:43
LH:43
BRDA:6,0,0,10
BRDA:7,1,0,8
BRDA:8,2,0,8
BRDA:8,3,0,2
BRDA:11,4,0,2
BRDA:12,5,0,8
BRDA:13,6,0,1
BRDA:13,7,0,7
BRDA:21,8,0,8
BRDA:22,9,0,3
BRDA:23,10,0,3
BRDA:23,11,0,5
BRDA:26,12,0,2
BRDA:26,13,0,6
BRDA:34,14,0,6
BRDA:35,15,0,5
BRDA:36,16,0,5
BRDA:36,17,0,1
BRDA:40,18,0,4
BRDA:40,19,0,2
BRF:20
BRH:20
end_of_record
TN:
SF:src\services\utils\interfaceKeys.ts
FN:8,getKeys
FN:27,FoodDiaryDataKeys
FN:48,AbbottDataKeys
FNF:3
FNH:3
FNDA:2,getKeys
FNDA:2,FoodDiaryDataKeys
FNDA:1,AbbottDataKeys
DA:1,1
DA:2,1
DA:3,1
DA:4,1
DA:5,1
DA:6,1
DA:7,1
DA:8,2
DA:9,2
DA:10,2
DA:11,2
DA:12,2
DA:13,2
DA:14,2
DA:15,0
DA:16,2
DA:17,0
DA:18,2
DA:19,2
DA:20,1
DA:21,1
DA:22,1
DA:23,1
DA:24,1
DA:25,1
DA:26,1
DA:27,2
DA:28,2
DA:29,2
DA:30,2
DA:31,2
DA:32,2
DA:33,2
DA:34,2
DA:35,2
DA:36,2
DA:37,2
DA:38,2
DA:39,2
DA:40,2
DA:41,1
DA:42,1
DA:43,1
DA:44,1
DA:45,1
DA:46,1
DA:47,1
DA:48,1
DA:49,1
DA:50,1
DA:51,1
DA:52,1
DA:53,1
DA:54,1
DA:55,1
DA:56,1
DA:57,1
DA:58,1
DA:59,1
DA:60,1
DA:61,1
DA:62,1
DA:63,1
DA:64,1
DA:65,1
DA:66,1
DA:67,1
DA:68,1
DA:69,1
DA:70,1
LF:70
LH:68
BRDA:8,0,0,2
BRDA:14,1,0,0
BRDA:16,2,0,0
BRDA:27,3,0,2
BRDA:48,4,0,1
BRF:5
BRH:3
end_of_record
TN:
SF:src\services\utils\units.ts
FN:7,convertMG_DLtoMMOL_L
FN:17,convertMMOL_LtoMG_dL
FNF:2
FNH:2
FNDA:1,convertMG_DLtoMMOL_L
FNDA:1,convertMMOL_LtoMG_dL
DA:1,1
DA:2,1
DA:3,1
DA:4,1
DA:5,1
DA:6,1
DA:7,1
DA:8,1
DA:9,1
DA:10,1
DA:11,1
DA:12,1
DA:13,1
DA:14,1
DA:15,1
DA:16,1
DA:17,1
DA:18,1
DA:19,1
DA:20,1
DA:21,1
LF:21
LH:21
BRDA:7,0,0,1
BRDA:17,1,0,1
BRF:2
BRH:2
end_of_record
TN:
SF:src\utils\authUtils.ts
FN:14,finishLoginAttempt
FN:37,registerConnectCallback
FN:54,startLoginAttempt
FN:90,getPlayerIdByEmail
FN:121,getClientAccessToken
FN:151,createJWT
FN:170,refreshJWT
FNF:7
FNH:5
FNDA:3,finishLoginAttempt
FNDA:3,registerConnectCallback
FNDA:6,startLoginAttempt
FNDA:0,getPlayerIdByEmail
FNDA:0,getClientAccessToken
FNDA:4,createJWT
FNDA:1,refreshJWT
DA:1,1
DA:2,1
DA:3,1
DA:4,1
DA:5,1
DA:6,1
DA:7,1
DA:8,1
DA:9,1
DA:10,1
DA:11,1
DA:12,1
DA:13,1
DA:14,3
DA:15,3
DA:16,3
DA:17,3
DA:18,3
DA:19,2
DA:20,2
DA:21,2
DA:22,2
DA:23,2
DA:24,2
DA:25,2
DA:26,1
DA:27,1
DA:28,1
DA:29,1
DA:30,1
DA:31,1
DA:32,1
DA:33,1
DA:34,1
DA:35,1
DA:36,1
DA:37,3
DA:38,3
DA:39,3
DA:40,3
DA:41,3
DA:42,3
DA:43,3
DA:44,3
DA:45,3
DA:46,3
DA:47,1
DA:48,1
DA:49,1
DA:50,1
DA:51,1
DA:52,1
DA:53,1
DA:54,6
DA:55,6
DA:56,6
DA:57,6
DA:58,6
DA:59,6
DA:60,6
DA:61,6
DA:62,6
DA:63,6
DA:64,6
DA:65,5
DA:66,5
DA:67,5
DA:68,5
DA:69,5
DA:70,5
DA:71,5
DA:72,5
DA:73,5
DA:74,5
DA:75,3
DA:76,5
DA:77,2
DA:78,2
DA:79,2
DA:80,5
DA:81,1
DA:82,1
DA:83,6
DA:84,1
DA:85,1
DA:86,1
DA:87,1
DA:88,1
DA:89,1
DA:90,0
DA:91,0
DA:92,0
DA:93,0
DA:94,0
DA:95,0
DA:96,0
DA:97,0
DA:98,0
DA:99,0
DA:100,0
DA:101,0
DA:102,0
DA:103,0
DA:104,0
DA:105,0
DA:106,0
DA:107,0
DA:108,0
DA:109,0
DA:110,0
DA:111,0
DA:112,0
DA:113,0
DA:114,0
DA:115,0
DA:116,1
DA:117,1
DA:118,1
DA:119,1
DA:120,1
DA:121,0
DA:122,0
DA:123,0
DA:124,0
DA:125,0
DA:126,0
DA:127,0
DA:128,0
DA:129,0
DA:130,0
DA:131,0
DA:132,0
DA:133,0
DA:134,0
DA:135,0
DA:136,0
DA:137,0
DA:138,0
DA:139,0
DA:140,1
DA:141,1
DA:142,1
DA:143,1
DA:144,1
DA:145,1
DA:146,1
DA:147,1
DA:148,1
DA:149,1
DA:150,1
DA:151,4
DA:152,4
DA:153,4
DA:154,4
DA:155,4
DA:156,4
DA:157,4
DA:158,4
DA:159,4
DA:160,4
DA:161,4
DA:162,1
DA:163,1
DA:164,1
DA:165,1
DA:166,1
DA:167,1
DA:168,1
DA:169,1
DA:170,1
DA:171,1
DA:172,1
DA:173,1
DA:174,1
DA:175,1
DA:176,1
DA:177,1
DA:178,1
DA:179,1
DA:180,1
DA:181,1
DA:182,1
DA:183,1
DA:184,1
DA:185,1
DA:186,1
DA:187,1
DA:188,1
DA:189,1
DA:190,1
DA:191,1
DA:192,1
DA:193,1
DA:194,1
DA:195,1
DA:196,1
DA:197,1
DA:198,1
LF:198
LH:153
BRDA:14,0,0,3
BRDA:18,1,0,2
BRDA:18,2,0,2
BRDA:18,3,0,2
BRDA:18,4,0,2
BRDA:26,5,0,1
BRDA:37,6,0,3
BRDA:54,7,0,6
BRDA:59,8,0,0
BRDA:62,9,0,0
BRDA:64,10,0,5
BRDA:74,11,0,3
BRDA:76,12,0,2
BRDA:81,13,0,1
BRDA:151,14,0,4
BRDA:170,15,0,1
BRF:16
BRH:14
end_of_record
TN:
SF:src\utils\supervisorUtils.ts
FN:9,logToken
FN:25,request
FN:43,getToken
FN:54,getSupervisors
FN:65,getApproved
FN:76,getChildren
FN:89,retractPermission
FN:100,checkSupervisor
FNF:8
FNH:8
FNDA:2,logToken
FNDA:2,request
FNDA:1,getToken
FNDA:1,getSupervisors
FNDA:1,getApproved
FNDA:1,getChildren
FNDA:1,retractPermission
FNDA:1,checkSupervisor
DA:1,1
DA:2,1
DA:3,1
DA:4,1
DA:5,1
DA:6,1
DA:7,1
DA:8,1
DA:9,2
DA:10,2
DA:11,2
DA:12,2
DA:13,2
DA:14,2
DA:15,2
DA:16,1
DA:17,1
DA:18,1
DA:19,1
DA:20,1
DA:21,1
DA:22,1
DA:23,1
DA:24,1
DA:25,2
DA:26,2
DA:27,2
DA:28,2
DA:29,2
DA:30,1
DA:31,1
DA:32,1
DA:33,1
DA:34,2
DA:35,2
DA:36,2
DA:37,1
DA:38,1
DA:39,1
DA:40,1
DA:41,1
DA:42,1
DA:43,1
DA:44,1
DA:45,1
DA:46,1
DA:47,1
DA:48,1
DA:49,1
DA:50,1
DA:51,1
DA:52,1
DA:53,1
DA:54,1
DA:55,1
DA:56,1
DA:57,1
DA:58,1
DA:59,1
DA:60,1
DA:61,1
DA:62,1
DA:63,1
DA:64,1
DA:65,1
DA:66,1
DA:67,1
DA:68,1
DA:69,1
DA:70,1
DA:71,1
DA:72,1
DA:73,1
DA:74,1
DA:75,1
DA:76,1
DA:77,1
DA:78,1
DA:79,1
DA:80,1
DA:81,1
DA:82,1
DA:83,1
DA:84,1
DA:85,1
DA:86,1
DA:87,1
DA:88,1
DA:89,1
DA:90,1
DA:91,1
DA:92,1
DA:93,1
DA:94,1
DA:95,1
DA:96,1
DA:97,1
DA:98,1
DA:99,1
DA:100,1
DA:101,1
DA:102,1
DA:103,1
DA:104,1
LF:104
LH:104
BRDA:9,0,0,2
BRDA:25,1,0,2
BRDA:29,2,0,1
BRDA:43,3,0,1
BRDA:54,4,0,1
BRDA:65,5,0,1
BRDA:76,6,0,1
BRDA:89,7,0,1
BRDA:100,8,0,1
BRF:9
BRH:9
end_of_record
